#
# There is insufficient memory for the Java Runtime Environment to continue.
# Native memory allocation (mmap) failed to map 124780544 bytes for G1 virtual space
# Possible reasons:
#   The system is out of physical RAM or swap space
#   The process is running with CompressedOops enabled, and the Java Heap may be blocking the growth of the native heap
# Possible solutions:
#   Reduce memory load on the system
#   Increase physical memory or swap space
#   Check if swap backing store is full
#   Decrease Java heap size (-Xmx/-Xms)
#   Decrease number of Java threads
#   Decrease Java thread stack sizes (-Xss)
#   Set larger code cache with -XX:ReservedCodeCacheSize=
#   JVM is running with Unscaled Compressed Oops mode in which the Java heap is
#     placed in the first 4GB address space. The Java Heap base address is the
#     maximum limit for the native heap growth. Please use -XX:HeapBaseMinAddress
#     to set the Java Heap base and to place the Java Heap above 4GB virtual address.
# This output file may be truncated or incomplete.
#
#  Out of Memory Error (os_windows.cpp:3532), pid=5704, tid=10096
#
# JRE version: OpenJDK Runtime Environment (17.0.2+8) (build 17.0.2+8-86)
# Java VM: OpenJDK 64-Bit Server VM (17.0.2+8-86, mixed mode, sharing, tiered, compressed oops, compressed class ptrs, g1 gc, windows-amd64)
# No core dump will be written. Minidumps are not enabled by default on client versions of Windows
#

---------------  S U M M A R Y ------------

Command Line: -XX:MaxMetaspaceSize=512m --add-opens=java.base/java.util=ALL-UNNAMED --add-opens=java.base/java.lang=ALL-UNNAMED --add-opens=java.base/java.lang.invoke=ALL-UNNAMED --add-opens=java.prefs/java.util.prefs=ALL-UNNAMED --add-opens=java.base/java.nio.charset=ALL-UNNAMED --add-opens=java.base/java.net=ALL-UNNAMED --add-opens=java.base/java.util.concurrent.atomic=ALL-UNNAMED -Xmx2048m -Dfile.encoding=windows-1252 -Duser.country=IN -Duser.language=en -Duser.variant -javaagent:C:\Users\aanan\.gradle\wrapper\dists\gradle-8.8-all\6gdy1pgp427xkqcjbxw3ylt6h\gradle-8.8\lib\agents\gradle-instrumentation-agent-8.8.jar org.gradle.launcher.daemon.bootstrap.GradleDaemon 8.8

Host: Intel(R) Core(TM) i3-4010U CPU @ 1.70GHz, 4 cores, 5G,  Windows 10 , 64 bit Build 19041 (10.0.19041.4842)
Time: Mon Sep 16 11:59:04 2024 India Standard Time elapsed time: 29.979963 seconds (0d 0h 0m 29s)

---------------  T H R E A D  ---------------

Current thread (0x00000255d8924f80):  VMThread "VM Thread" [stack: 0x000000786e000000,0x000000786e100000] [id=10096]

Stack: [0x000000786e000000,0x000000786e100000]
Native frames: (J=compiled Java code, j=interpreted, Vv=VM code, C=native code)
V  [jvm.dll+0x670baa]
V  [jvm.dll+0x7cfcb4]
V  [jvm.dll+0x7d145e]
V  [jvm.dll+0x7d1ac3]
V  [jvm.dll+0x242bc5]
V  [jvm.dll+0x66dac9]
V  [jvm.dll+0x662412]
V  [jvm.dll+0x300c0b]
V  [jvm.dll+0x3081a6]
V  [jvm.dll+0x357d0e]
V  [jvm.dll+0x357f3f]
V  [jvm.dll+0x2d7ec8]
V  [jvm.dll+0x2d6194]
V  [jvm.dll+0x2d579c]
V  [jvm.dll+0x3190eb]
V  [jvm.dll+0x7d5f9b]
V  [jvm.dll+0x7d6cd4]
V  [jvm.dll+0x7d71ec]
V  [jvm.dll+0x7d75c4]
V  [jvm.dll+0x7d7690]
V  [jvm.dll+0x77ff7a]
V  [jvm.dll+0x66fa35]
C  [ucrtbase.dll+0x21bb2]
C  [KERNEL32.DLL+0x17374]
C  [ntdll.dll+0x4cc91]

VM_Operation (0x000000786fcfde30): G1CollectForAllocation, mode: safepoint, requested by thread 0x00000255d9b37e70


---------------  P R O C E S S  ---------------

Threads class SMR info:
_java_thread_list=0x00000255e00c09b0, length=51, elements={
0x00000255bb08ef40, 0x00000255d892b750, 0x00000255d892c4d0, 0x00000255d8941e10,
0x00000255d89436e0, 0x00000255d89453b0, 0x00000255d8945c70, 0x00000255d8946910,
0x00000255d89a6200, 0x00000255d89b0710, 0x00000255d89fe8e0, 0x00000255d94fe800,
0x00000255da902860, 0x00000255db0080b0, 0x00000255dad8c780, 0x00000255daf6c040,
0x00000255daf6d840, 0x00000255d9f92580, 0x00000255daf6dd10, 0x00000255d9b36b30,
0x00000255d9b36660, 0x00000255d9b3a020, 0x00000255d9b379a0, 0x00000255d9b374d0,
0x00000255d9b37e70, 0x00000255d9b39680, 0x00000255d9b37000, 0x00000255d9b39b50,
0x00000255db98dc40, 0x00000255db98ef80, 0x00000255db9902c0, 0x00000255db98e110,
0x00000255db98d770, 0x00000255db98e5e0, 0x00000255dbf3f6e0, 0x00000255dbf40080,
0x00000255dbf3e3a0, 0x00000255dbf40a20, 0x00000255dbf3ded0, 0x00000255dbf3ed40,
0x00000255dbf3fbb0, 0x00000255dbf3d060, 0x00000255dbf3da00, 0x00000255d9cb9260,
0x00000255d9cb6710, 0x00000255d9cb8d90, 0x00000255d9cb88c0, 0x00000255d9cb9c00,
0x00000255d9cba5a0, 0x00000255d9cba0d0, 0x00000255d9cb7580
}

Java Threads: ( => current thread )
  0x00000255bb08ef40 JavaThread "main" [_thread_blocked, id=12456, stack(0x000000786da00000,0x000000786db00000)]
  0x00000255d892b750 JavaThread "Reference Handler" daemon [_thread_blocked, id=940, stack(0x000000786e100000,0x000000786e200000)]
  0x00000255d892c4d0 JavaThread "Finalizer" daemon [_thread_blocked, id=1868, stack(0x000000786e200000,0x000000786e300000)]
  0x00000255d8941e10 JavaThread "Signal Dispatcher" daemon [_thread_blocked, id=8424, stack(0x000000786e300000,0x000000786e400000)]
  0x00000255d89436e0 JavaThread "Attach Listener" daemon [_thread_blocked, id=7992, stack(0x000000786e400000,0x000000786e500000)]
  0x00000255d89453b0 JavaThread "Service Thread" daemon [_thread_blocked, id=1656, stack(0x000000786e500000,0x000000786e600000)]
  0x00000255d8945c70 JavaThread "Monitor Deflation Thread" daemon [_thread_blocked, id=7692, stack(0x000000786e600000,0x000000786e700000)]
  0x00000255d8946910 JavaThread "C2 CompilerThread0" daemon [_thread_blocked, id=11380, stack(0x000000786e700000,0x000000786e800000)]
  0x00000255d89a6200 JavaThread "C1 CompilerThread0" daemon [_thread_blocked, id=8980, stack(0x000000786e800000,0x000000786e900000)]
  0x00000255d89b0710 JavaThread "Sweeper thread" daemon [_thread_blocked, id=10368, stack(0x000000786e900000,0x000000786ea00000)]
  0x00000255d89fe8e0 JavaThread "Common-Cleaner" daemon [_thread_blocked, id=2364, stack(0x000000786ea00000,0x000000786eb00000)]
  0x00000255d94fe800 JavaThread "Notification Thread" daemon [_thread_blocked, id=5628, stack(0x000000786eb00000,0x000000786ec00000)]
  0x00000255da902860 JavaThread "Daemon health stats" [_thread_blocked, id=11808, stack(0x000000786f000000,0x000000786f100000)]
  0x00000255db0080b0 JavaThread "Incoming local TCP Connector on port 52000" [_thread_in_native, id=2484, stack(0x000000786f100000,0x000000786f200000)]
  0x00000255dad8c780 JavaThread "Daemon periodic checks" [_thread_blocked, id=1020, stack(0x000000786f200000,0x000000786f300000)]
  0x00000255daf6c040 JavaThread "Daemon" [_thread_blocked, id=10960, stack(0x000000786f300000,0x000000786f400000)]
  0x00000255daf6d840 JavaThread "Handler for socket connection from /127.0.0.1:52000 to /127.0.0.1:52001" [_thread_in_native, id=8512, stack(0x000000786f400000,0x000000786f500000)]
  0x00000255d9f92580 JavaThread "Cancel handler" [_thread_blocked, id=8964, stack(0x000000786f500000,0x000000786f600000)]
  0x00000255daf6dd10 JavaThread "Daemon worker" [_thread_blocked, id=10940, stack(0x000000786f600000,0x000000786f700000)]
  0x00000255d9b36b30 JavaThread "Asynchronous log dispatcher for DefaultDaemonConnection: socket connection from /127.0.0.1:52000 to /127.0.0.1:52001" [_thread_blocked, id=3024, stack(0x000000786f700000,0x000000786f800000)]
  0x00000255d9b36660 JavaThread "Stdin handler" [_thread_blocked, id=11948, stack(0x000000786f800000,0x000000786f900000)]
  0x00000255d9b3a020 JavaThread "Daemon client event forwarder" [_thread_blocked, id=7888, stack(0x000000786f900000,0x000000786fa00000)]
  0x00000255d9b379a0 JavaThread "Cache worker for journal cache (C:\Users\aanan\.gradle\caches\journal-1)" [_thread_blocked, id=9304, stack(0x000000786fa00000,0x000000786fb00000)]
  0x00000255d9b374d0 JavaThread "File lock request listener" [_thread_in_native, id=8692, stack(0x000000786fb00000,0x000000786fc00000)]
  0x00000255d9b37e70 JavaThread "Cache worker for file hash cache (C:\Users\aanan\.gradle\caches\8.8\fileHashes)" [_thread_blocked, id=7712, stack(0x000000786fc00000,0x000000786fd00000)]
  0x00000255d9b39680 JavaThread "Cache worker for file hash cache (C:\Users\aanan\Desktop\BlogApp\android\.gradle\8.8\fileHashes)" [_thread_blocked, id=2944, stack(0x000000786fd00000,0x000000786fe00000)]
  0x00000255d9b37000 JavaThread "File watcher server" daemon [_thread_blocked, id=9340, stack(0x000000786fe00000,0x000000786ff00000)]
  0x00000255d9b39b50 JavaThread "File watcher consumer" daemon [_thread_blocked, id=2876, stack(0x000000786ff00000,0x0000007870000000)]
  0x00000255db98dc40 JavaThread "Cache worker for checksums cache (C:\Users\aanan\Desktop\BlogApp\android\.gradle\8.8\checksums)" [_thread_blocked, id=1160, stack(0x0000007870000000,0x0000007870100000)]
  0x00000255db98ef80 JavaThread "Cache worker for file content cache (C:\Users\aanan\.gradle\caches\8.8\fileContent)" [_thread_blocked, id=2972, stack(0x0000007870100000,0x0000007870200000)]
  0x00000255db9902c0 JavaThread "Cache worker for cache directory md-rule (C:\Users\aanan\.gradle\caches\8.8\md-rule)" [_thread_blocked, id=5648, stack(0x0000007870200000,0x0000007870300000)]
  0x00000255db98e110 JavaThread "Cache worker for cache directory md-supplier (C:\Users\aanan\.gradle\caches\8.8\md-supplier)" [_thread_blocked, id=12856, stack(0x0000007870300000,0x0000007870400000)]
  0x00000255db98d770 JavaThread "jar transforms" [_thread_blocked, id=10748, stack(0x0000007870400000,0x0000007870500000)]
  0x00000255db98e5e0 JavaThread "Unconstrained build operations" [_thread_blocked, id=12848, stack(0x0000007870600000,0x0000007870700000)]
  0x00000255dbf3f6e0 JavaThread "Unconstrained build operations Thread 2" [_thread_blocked, id=12200, stack(0x0000007870700000,0x0000007870800000)]
  0x00000255dbf40080 JavaThread "Unconstrained build operations Thread 3" [_thread_blocked, id=7488, stack(0x0000007870800000,0x0000007870900000)]
  0x00000255dbf3e3a0 JavaThread "Unconstrained build operations Thread 4" [_thread_blocked, id=8000, stack(0x0000007870900000,0x0000007870a00000)]
  0x00000255dbf40a20 JavaThread "Unconstrained build operations Thread 5" [_thread_blocked, id=3812, stack(0x0000007870a00000,0x0000007870b00000)]
  0x00000255dbf3ded0 JavaThread "Unconstrained build operations Thread 6" [_thread_blocked, id=2424, stack(0x0000007870b00000,0x0000007870c00000)]
  0x00000255dbf3ed40 JavaThread "Cache worker for Build Output Cleanup Cache (C:\Users\aanan\Desktop\BlogApp\node_modules\@react-native\gradle-plugin\.gradle\buildOutputCleanup)" [_thread_blocked, id=10576, stack(0x0000007870c00000,0x0000007870d00000)]
  0x00000255dbf3fbb0 JavaThread "Unconstrained build operations Thread 7" [_thread_blocked, id=11684, stack(0x0000007870d00000,0x0000007870e00000)]
  0x00000255dbf3d060 JavaThread "Unconstrained build operations Thread 8" [_thread_blocked, id=8820, stack(0x0000007870e00000,0x0000007870f00000)]
  0x00000255dbf3da00 JavaThread "Unconstrained build operations Thread 9" [_thread_blocked, id=11048, stack(0x0000007870f00000,0x0000007871000000)]
  0x00000255d9cb9260 JavaThread "Unconstrained build operations Thread 10" [_thread_blocked, id=8224, stack(0x0000007871000000,0x0000007871100000)]
  0x00000255d9cb6710 JavaThread "Unconstrained build operations Thread 11" [_thread_blocked, id=9452, stack(0x0000007871100000,0x0000007871200000)]
  0x00000255d9cb8d90 JavaThread "Unconstrained build operations Thread 12" [_thread_blocked, id=11004, stack(0x0000007871200000,0x0000007871300000)]
  0x00000255d9cb88c0 JavaThread "Unconstrained build operations Thread 13" [_thread_blocked, id=1048, stack(0x0000007871300000,0x0000007871400000)]
  0x00000255d9cb9c00 JavaThread "Unconstrained build operations Thread 14" [_thread_blocked, id=1388, stack(0x0000007871400000,0x0000007871500000)]
  0x00000255d9cba5a0 JavaThread "Unconstrained build operations Thread 15" [_thread_blocked, id=2360, stack(0x0000007871500000,0x0000007871600000)]
  0x00000255d9cba0d0 JavaThread "Memory manager" [_thread_blocked, id=8936, stack(0x0000007871600000,0x0000007871700000)]
  0x00000255d9cb7580 JavaThread "build event listener" [_thread_blocked, id=4688, stack(0x0000007871700000,0x0000007871800000)]

Other Threads:
=>0x00000255d8924f80 VMThread "VM Thread" [stack: 0x000000786e000000,0x000000786e100000] [id=10096]
  0x00000255bb08fe00 WatcherThread [stack: 0x000000786ec00000,0x000000786ed00000] [id=6056]
  0x00000255b8ece880 GCTaskThread "GC Thread#0" [stack: 0x000000786db00000,0x000000786dc00000] [id=2820]
  0x00000255d95f2c10 GCTaskThread "GC Thread#1" [stack: 0x000000786ed00000,0x000000786ee00000] [id=1064]
  0x00000255d96688a0 GCTaskThread "GC Thread#2" [stack: 0x000000786ee00000,0x000000786ef00000] [id=13100]
  0x00000255d9753d80 GCTaskThread "GC Thread#3" [stack: 0x000000786ef00000,0x000000786f000000] [id=3492]
  0x00000255bb0db7f0 ConcurrentGCThread "G1 Main Marker" [stack: 0x000000786dc00000,0x000000786dd00000] [id=5888]
  0x00000255bb0dc110 ConcurrentGCThread "G1 Conc#0" [stack: 0x000000786dd00000,0x000000786de00000] [id=9272]
  0x00000255bb13d2c0 ConcurrentGCThread "G1 Refine#0" [stack: 0x000000786de00000,0x000000786df00000] [id=11688]
  0x00000255dbf047d0 ConcurrentGCThread "G1 Refine#1" [stack: 0x0000007870500000,0x0000007870600000] [id=10872]
  0x00000255bb13dbf0 ConcurrentGCThread "G1 Service" [stack: 0x000000786df00000,0x000000786e000000] [id=8744]

Threads with active compile tasks:
C2 CompilerThread0    30043 7723       4       java.util.TreeMap::put (8 bytes)

VM state: at safepoint (normal execution)

VM Mutex/Monitor currently owned by a thread:  ([mutex/lock_event])
[0x00000255bb08b0f0] Threads_lock - owner thread: 0x00000255d8924f80
[0x00000255bb08a9a0] Heap_lock - owner thread: 0x00000255d9b37e70

Heap address: 0x0000000080000000, size: 2048 MB, Compressed Oops mode: 32-bit

CDS archive(s) mapped at: [0x0000000800000000-0x0000000800bc0000-0x0000000800bc0000), size 12320768, SharedBaseAddress: 0x0000000800000000, ArchiveRelocationMode: 0.
Compressed class space mapped at: 0x0000000800c00000-0x000000081a800000, reserved size: 432013312
Narrow klass base: 0x0000000800000000, Narrow klass shift: 0, Narrow klass range: 0x100000000

GC Precious Log:
 CPUs: 4 total, 4 available
 Memory: 6024M
 Large Page Support: Disabled
 NUMA Support: Disabled
 Compressed Oops: Enabled (32-bit)
 Heap Region Size: 1M
 Heap Min Capacity: 8M
 Heap Initial Capacity: 96M
 Heap Max Capacity: 2G
 Pre-touch: Disabled
 Parallel Workers: 4
 Concurrent Workers: 1
 Concurrent Refinement Workers: 4
 Periodic GC: Disabled

Heap:
 garbage-first heap   total 124928K, used 68914K [0x0000000080000000, 0x0000000100000000)
  region size 1024K, 1 young (1024K), 1 survivors (1024K)
 Metaspace       used 62933K, committed 63552K, reserved 479232K
  class space    used 8920K, committed 9216K, reserved 421888K

Heap Regions: E=young(eden), S=young(survivor), O=old, HS=humongous(starts), HC=humongous(continues), CS=collection set, F=free, OA=open archive, CA=closed archive, TAMS=top-at-mark-start (previous, next)
|   0|0x0000000080000000, 0x0000000080100000, 0x0000000080100000|100%|HS|  |TAMS 0x0000000080100000, 0x0000000080000000| Complete 
|   1|0x0000000080100000, 0x0000000080200000, 0x0000000080200000|100%|HC|  |TAMS 0x0000000080200000, 0x0000000080100000| Complete 
|   2|0x0000000080200000, 0x0000000080300000, 0x0000000080300000|100%|HC|  |TAMS 0x0000000080300000, 0x0000000080200000| Complete 
|   3|0x0000000080300000, 0x0000000080400000, 0x0000000080400000|100%|HC|  |TAMS 0x0000000080400000, 0x0000000080300000| Complete 
|   4|0x0000000080400000, 0x0000000080500000, 0x0000000080500000|100%| O|  |TAMS 0x0000000080500000, 0x0000000080400000| Untracked 
|   5|0x0000000080500000, 0x0000000080600000, 0x0000000080600000|100%| O|  |TAMS 0x0000000080600000, 0x0000000080500000| Untracked 
|   6|0x0000000080600000, 0x0000000080700000, 0x0000000080700000|100%| O|  |TAMS 0x0000000080700000, 0x0000000080600000| Untracked 
|   7|0x0000000080700000, 0x0000000080800000, 0x0000000080800000|100%| O|  |TAMS 0x0000000080800000, 0x0000000080700000| Untracked 
|   8|0x0000000080800000, 0x0000000080900000, 0x0000000080900000|100%| O|  |TAMS 0x0000000080900000, 0x0000000080800000| Untracked 
|   9|0x0000000080900000, 0x0000000080a00000, 0x0000000080a00000|100%| O|  |TAMS 0x0000000080a00000, 0x0000000080900000| Untracked 
|  10|0x0000000080a00000, 0x0000000080b00000, 0x0000000080b00000|100%| O|  |TAMS 0x0000000080b00000, 0x0000000080a00000| Untracked 
|  11|0x0000000080b00000, 0x0000000080c00000, 0x0000000080c00000|100%|HS|  |TAMS 0x0000000080c00000, 0x0000000080b00000| Complete 
|  12|0x0000000080c00000, 0x0000000080d00000, 0x0000000080d00000|100%| O|  |TAMS 0x0000000080d00000, 0x0000000080c00000| Untracked 
|  13|0x0000000080d00000, 0x0000000080e00000, 0x0000000080e00000|100%| O|  |TAMS 0x0000000080e00000, 0x0000000080d00000| Untracked 
|  14|0x0000000080e00000, 0x0000000080f00000, 0x0000000080f00000|100%| O|  |TAMS 0x0000000080f00000, 0x0000000080e00000| Untracked 
|  15|0x0000000080f00000, 0x0000000081000000, 0x0000000081000000|100%| O|  |TAMS 0x0000000081000000, 0x0000000080f00000| Untracked 
|  16|0x0000000081000000, 0x0000000081100000, 0x0000000081100000|100%| O|  |TAMS 0x0000000081100000, 0x0000000081000000| Untracked 
|  17|0x0000000081100000, 0x0000000081200000, 0x0000000081200000|100%| O|  |TAMS 0x0000000081200000, 0x0000000081100000| Untracked 
|  18|0x0000000081200000, 0x0000000081300000, 0x0000000081300000|100%| O|  |TAMS 0x0000000081300000, 0x0000000081200000| Untracked 
|  19|0x0000000081300000, 0x00000000813a9600, 0x0000000081400000| 66%| O|  |TAMS 0x00000000813a9600, 0x0000000081300000| Untracked 
|  20|0x0000000081400000, 0x0000000081500000, 0x0000000081500000|100%| O|  |TAMS 0x0000000081500000, 0x0000000081400000| Untracked 
|  21|0x0000000081500000, 0x0000000081600000, 0x0000000081600000|100%| O|  |TAMS 0x0000000081600000, 0x0000000081500000| Untracked 
|  22|0x0000000081600000, 0x0000000081700000, 0x0000000081700000|100%| O|  |TAMS 0x0000000081700000, 0x0000000081600000| Untracked 
|  23|0x0000000081700000, 0x0000000081800000, 0x0000000081800000|100%| O|  |TAMS 0x0000000081800000, 0x0000000081700000| Untracked 
|  24|0x0000000081800000, 0x0000000081900000, 0x0000000081900000|100%| O|  |TAMS 0x0000000081900000, 0x0000000081800000| Untracked 
|  25|0x0000000081900000, 0x0000000081a00000, 0x0000000081a00000|100%| O|  |TAMS 0x0000000081a00000, 0x0000000081900000| Untracked 
|  26|0x0000000081a00000, 0x0000000081b00000, 0x0000000081b00000|100%| O|  |TAMS 0x0000000081b00000, 0x0000000081a00000| Untracked 
|  27|0x0000000081b00000, 0x0000000081c00000, 0x0000000081c00000|100%| O|  |TAMS 0x0000000081c00000, 0x0000000081b00000| Untracked 
|  28|0x0000000081c00000, 0x0000000081d00000, 0x0000000081d00000|100%| O|  |TAMS 0x0000000081d00000, 0x0000000081c00000| Untracked 
|  29|0x0000000081d00000, 0x0000000081e00000, 0x0000000081e00000|100%| O|  |TAMS 0x0000000081e00000, 0x0000000081d00000| Untracked 
|  30|0x0000000081e00000, 0x0000000081f00000, 0x0000000081f00000|100%| O|  |TAMS 0x0000000081f00000, 0x0000000081e00000| Untracked 
|  31|0x0000000081f00000, 0x0000000082000000, 0x0000000082000000|100%| O|  |TAMS 0x0000000082000000, 0x0000000081f00000| Untracked 
|  32|0x0000000082000000, 0x0000000082100000, 0x0000000082100000|100%| O|  |TAMS 0x0000000082100000, 0x0000000082000000| Untracked 
|  33|0x0000000082100000, 0x0000000082200000, 0x0000000082200000|100%| O|  |TAMS 0x0000000082200000, 0x0000000082100000| Untracked 
|  34|0x0000000082200000, 0x0000000082300000, 0x0000000082300000|100%| O|  |TAMS 0x0000000082300000, 0x0000000082200000| Untracked 
|  35|0x0000000082300000, 0x0000000082400000, 0x0000000082400000|100%| O|  |TAMS 0x0000000082400000, 0x0000000082300000| Untracked 
|  36|0x0000000082400000, 0x0000000082500000, 0x0000000082500000|100%| O|  |TAMS 0x0000000082500000, 0x0000000082400000| Untracked 
|  37|0x0000000082500000, 0x0000000082600000, 0x0000000082600000|100%| O|  |TAMS 0x0000000082600000, 0x0000000082500000| Untracked 
|  38|0x0000000082600000, 0x0000000082600000, 0x0000000082700000|  0%| F|  |TAMS 0x0000000082600000, 0x0000000082600000| Untracked 
|  39|0x0000000082700000, 0x0000000082800000, 0x0000000082800000|100%| O|  |TAMS 0x0000000082800000, 0x0000000082700000| Untracked 
|  40|0x0000000082800000, 0x0000000082900000, 0x0000000082900000|100%| O|  |TAMS 0x0000000082900000, 0x0000000082800000| Untracked 
|  41|0x0000000082900000, 0x0000000082a00000, 0x0000000082a00000|100%| O|  |TAMS 0x0000000082a00000, 0x0000000082900000| Untracked 
|  42|0x0000000082a00000, 0x0000000082b00000, 0x0000000082b00000|100%| O|  |TAMS 0x0000000082b00000, 0x0000000082a00000| Untracked 
|  43|0x0000000082b00000, 0x0000000082c00000, 0x0000000082c00000|100%| O|  |TAMS 0x0000000082c00000, 0x0000000082b00000| Untracked 
|  44|0x0000000082c00000, 0x0000000082d00000, 0x0000000082d00000|100%|HS|  |TAMS 0x0000000082d00000, 0x0000000082c00000| Complete 
|  45|0x0000000082d00000, 0x0000000082e00000, 0x0000000082e00000|100%|HC|  |TAMS 0x0000000082e00000, 0x0000000082d00000| Complete 
|  46|0x0000000082e00000, 0x0000000082f00000, 0x0000000082f00000|100%|HS|  |TAMS 0x0000000082f00000, 0x0000000082e00000| Complete 
|  47|0x0000000082f00000, 0x0000000083000000, 0x0000000083000000|100%|HC|  |TAMS 0x0000000083000000, 0x0000000082f00000| Complete 
|  48|0x0000000083000000, 0x0000000083100000, 0x0000000083100000|100%|HS|  |TAMS 0x0000000083100000, 0x0000000083000000| Complete 
|  49|0x0000000083100000, 0x0000000083200000, 0x0000000083200000|100%|HC|  |TAMS 0x0000000083200000, 0x0000000083100000| Complete 
|  50|0x0000000083200000, 0x0000000083300000, 0x0000000083300000|100%|HC|  |TAMS 0x0000000083300000, 0x0000000083200000| Complete 
|  51|0x0000000083300000, 0x0000000083400000, 0x0000000083400000|100%|HC|  |TAMS 0x0000000083400000, 0x0000000083300000| Complete 
|  52|0x0000000083400000, 0x0000000083500000, 0x0000000083500000|100%|HS|  |TAMS 0x0000000083500000, 0x0000000083400000| Complete 
|  53|0x0000000083500000, 0x0000000083600000, 0x0000000083600000|100%|HC|  |TAMS 0x0000000083600000, 0x0000000083500000| Complete 
|  54|0x0000000083600000, 0x0000000083700000, 0x0000000083700000|100%|HC|  |TAMS 0x0000000083700000, 0x0000000083600000| Complete 
|  55|0x0000000083700000, 0x0000000083800000, 0x0000000083800000|100%|HC|  |TAMS 0x0000000083800000, 0x0000000083700000| Complete 
|  56|0x0000000083800000, 0x0000000083900000, 0x0000000083900000|100%| O|  |TAMS 0x0000000083800000, 0x0000000083800000| Untracked 
|  57|0x0000000083900000, 0x0000000083a00000, 0x0000000083a00000|100%| O|  |TAMS 0x0000000083a00000, 0x0000000083900000| Untracked 
|  58|0x0000000083a00000, 0x0000000083b00000, 0x0000000083b00000|100%| O|  |TAMS 0x0000000083b00000, 0x0000000083a00000| Untracked 
|  59|0x0000000083b00000, 0x0000000083c00000, 0x0000000083c00000|100%| O|  |TAMS 0x0000000083c00000, 0x0000000083b00000| Untracked 
|  60|0x0000000083c00000, 0x0000000083d00000, 0x0000000083d00000|100%| O|  |TAMS 0x0000000083d00000, 0x0000000083c00000| Untracked 
|  61|0x0000000083d00000, 0x0000000083e00000, 0x0000000083e00000|100%| O|  |TAMS 0x0000000083e00000, 0x0000000083d00000| Untracked 
|  62|0x0000000083e00000, 0x0000000083f00000, 0x0000000083f00000|100%| O|  |TAMS 0x0000000083f00000, 0x0000000083e00000| Untracked 
|  63|0x0000000083f00000, 0x0000000084000000, 0x0000000084000000|100%| O|  |TAMS 0x0000000083ffac00, 0x0000000083f00000| Untracked 
|  64|0x0000000084000000, 0x0000000084100000, 0x0000000084100000|100%| O|  |TAMS 0x0000000084000000, 0x0000000084000000| Untracked 
|  65|0x0000000084100000, 0x0000000084200000, 0x0000000084200000|100%| O|  |TAMS 0x0000000084100000, 0x0000000084100000| Untracked 
|  66|0x0000000084200000, 0x0000000084300000, 0x0000000084300000|100%| O|  |TAMS 0x0000000084200000, 0x0000000084200000| Untracked 
|  67|0x0000000084300000, 0x00000000843a3400, 0x0000000084400000| 63%| O|  |TAMS 0x0000000084300000, 0x0000000084300000| Untracked 
|  68|0x0000000084400000, 0x0000000084400000, 0x0000000084500000|  0%| F|  |TAMS 0x0000000084400000, 0x0000000084400000| Untracked 
|  69|0x0000000084500000, 0x0000000084500000, 0x0000000084600000|  0%| F|  |TAMS 0x0000000084500000, 0x0000000084500000| Untracked 
|  70|0x0000000084600000, 0x0000000084600000, 0x0000000084700000|  0%| F|  |TAMS 0x0000000084600000, 0x0000000084600000| Untracked 
|  71|0x0000000084700000, 0x0000000084700000, 0x0000000084800000|  0%| F|  |TAMS 0x0000000084700000, 0x0000000084700000| Untracked 
|  72|0x0000000084800000, 0x0000000084800000, 0x0000000084900000|  0%| F|  |TAMS 0x0000000084800000, 0x0000000084800000| Untracked 
|  73|0x0000000084900000, 0x0000000084900000, 0x0000000084a00000|  0%| F|  |TAMS 0x0000000084900000, 0x0000000084900000| Untracked 
|  74|0x0000000084a00000, 0x0000000084a00000, 0x0000000084b00000|  0%| F|  |TAMS 0x0000000084a00000, 0x0000000084a00000| Untracked 
|  75|0x0000000084b00000, 0x0000000084b00000, 0x0000000084c00000|  0%| F|  |TAMS 0x0000000084b00000, 0x0000000084b00000| Untracked 
|  76|0x0000000084c00000, 0x0000000084c00000, 0x0000000084d00000|  0%| F|  |TAMS 0x0000000084c00000, 0x0000000084c00000| Untracked 
|  77|0x0000000084d00000, 0x0000000084d00000, 0x0000000084e00000|  0%| F|  |TAMS 0x0000000084d00000, 0x0000000084d00000| Untracked 
|  78|0x0000000084e00000, 0x0000000084e00000, 0x0000000084f00000|  0%| F|  |TAMS 0x0000000084e00000, 0x0000000084e00000| Untracked 
|  79|0x0000000084f00000, 0x0000000084f00000, 0x0000000085000000|  0%| F|  |TAMS 0x0000000084f00000, 0x0000000084f00000| Untracked 
|  80|0x0000000085000000, 0x0000000085000000, 0x0000000085100000|  0%| F|  |TAMS 0x0000000085000000, 0x0000000085000000| Untracked 
|  81|0x0000000085100000, 0x0000000085100000, 0x0000000085200000|  0%| F|  |TAMS 0x0000000085100000, 0x0000000085100000| Untracked 
|  82|0x0000000085200000, 0x0000000085200000, 0x0000000085300000|  0%| F|  |TAMS 0x0000000085200000, 0x0000000085200000| Untracked 
|  83|0x0000000085300000, 0x0000000085300000, 0x0000000085400000|  0%| F|  |TAMS 0x0000000085300000, 0x0000000085300000| Untracked 
|  84|0x0000000085400000, 0x0000000085400000, 0x0000000085500000|  0%| F|  |TAMS 0x0000000085400000, 0x0000000085400000| Untracked 
|  85|0x0000000085500000, 0x0000000085500000, 0x0000000085600000|  0%| F|  |TAMS 0x0000000085500000, 0x0000000085500000| Untracked 
|  86|0x0000000085600000, 0x0000000085600000, 0x0000000085700000|  0%| F|  |TAMS 0x0000000085600000, 0x0000000085600000| Untracked 
|  87|0x0000000085700000, 0x0000000085700000, 0x0000000085800000|  0%| F|  |TAMS 0x0000000085700000, 0x0000000085700000| Untracked 
|  88|0x0000000085800000, 0x0000000085800000, 0x0000000085900000|  0%| F|  |TAMS 0x0000000085800000, 0x0000000085800000| Untracked 
|  89|0x0000000085900000, 0x0000000085900000, 0x0000000085a00000|  0%| F|  |TAMS 0x0000000085900000, 0x0000000085900000| Untracked 
|  90|0x0000000085a00000, 0x0000000085a00000, 0x0000000085b00000|  0%| F|  |TAMS 0x0000000085a00000, 0x0000000085a00000| Untracked 
|  91|0x0000000085b00000, 0x0000000085b00000, 0x0000000085c00000|  0%| F|  |TAMS 0x0000000085b00000, 0x0000000085b00000| Untracked 
|  92|0x0000000085c00000, 0x0000000085c00000, 0x0000000085d00000|  0%| F|  |TAMS 0x0000000085c00000, 0x0000000085c00000| Untracked 
|  93|0x0000000085d00000, 0x0000000085d00000, 0x0000000085e00000|  0%| F|  |TAMS 0x0000000085d00000, 0x0000000085d00000| Untracked 
|  94|0x0000000085e00000, 0x0000000085e00000, 0x0000000085f00000|  0%| F|  |TAMS 0x0000000085e00000, 0x0000000085e00000| Untracked 
|  95|0x0000000085f00000, 0x0000000085f00000, 0x0000000086000000|  0%| F|  |TAMS 0x0000000085f00000, 0x0000000085f00000| Untracked 
|  96|0x0000000086000000, 0x0000000086000000, 0x0000000086100000|  0%| F|  |TAMS 0x0000000086000000, 0x0000000086000000| Untracked 
|  97|0x0000000086100000, 0x0000000086100000, 0x0000000086200000|  0%| F|  |TAMS 0x0000000086100000, 0x0000000086100000| Untracked 
|  98|0x0000000086200000, 0x0000000086200000, 0x0000000086300000|  0%| F|  |TAMS 0x0000000086200000, 0x0000000086200000| Untracked 
|  99|0x0000000086300000, 0x0000000086300000, 0x0000000086400000|  0%| F|  |TAMS 0x0000000086300000, 0x0000000086300000| Untracked 
| 100|0x0000000086400000, 0x0000000086400000, 0x0000000086500000|  0%| F|  |TAMS 0x0000000086400000, 0x0000000086400000| Untracked 
| 101|0x0000000086500000, 0x0000000086500000, 0x0000000086600000|  0%| F|  |TAMS 0x0000000086500000, 0x0000000086500000| Untracked 
| 102|0x0000000086600000, 0x0000000086600000, 0x0000000086700000|  0%| F|  |TAMS 0x0000000086600000, 0x0000000086600000| Untracked 
| 103|0x0000000086700000, 0x0000000086700000, 0x0000000086800000|  0%| F|  |TAMS 0x0000000086700000, 0x0000000086700000| Untracked 
| 104|0x0000000086800000, 0x0000000086800000, 0x0000000086900000|  0%| F|  |TAMS 0x0000000086800000, 0x0000000086800000| Untracked 
| 105|0x0000000086900000, 0x0000000086900000, 0x0000000086a00000|  0%| F|  |TAMS 0x0000000086900000, 0x0000000086900000| Untracked 
| 106|0x0000000086a00000, 0x0000000086a00000, 0x0000000086b00000|  0%| F|  |TAMS 0x0000000086a00000, 0x0000000086a00000| Untracked 
| 107|0x0000000086b00000, 0x0000000086b00000, 0x0000000086c00000|  0%| F|  |TAMS 0x0000000086b00000, 0x0000000086b00000| Untracked 
| 108|0x0000000086c00000, 0x0000000086c00000, 0x0000000086d00000|  0%| F|  |TAMS 0x0000000086c00000, 0x0000000086c00000| Untracked 
| 109|0x0000000086d00000, 0x0000000086d00000, 0x0000000086e00000|  0%| F|  |TAMS 0x0000000086d00000, 0x0000000086d00000| Untracked 
| 110|0x0000000086e00000, 0x0000000086e00000, 0x0000000086f00000|  0%| F|  |TAMS 0x0000000086e00000, 0x0000000086e00000| Untracked 
| 111|0x0000000086f00000, 0x0000000086f00000, 0x0000000087000000|  0%| F|  |TAMS 0x0000000086f00000, 0x0000000086f00000| Untracked 
| 112|0x0000000087000000, 0x0000000087000000, 0x0000000087100000|  0%| F|  |TAMS 0x0000000087000000, 0x0000000087000000| Untracked 
| 113|0x0000000087100000, 0x0000000087100000, 0x0000000087200000|  0%| F|  |TAMS 0x0000000087100000, 0x0000000087100000| Untracked 
| 114|0x0000000087200000, 0x0000000087200000, 0x0000000087300000|  0%| F|  |TAMS 0x0000000087200000, 0x0000000087200000| Untracked 
| 115|0x0000000087300000, 0x0000000087300000, 0x0000000087400000|  0%| F|  |TAMS 0x0000000087300000, 0x0000000087300000| Untracked 
| 116|0x0000000087400000, 0x0000000087400000, 0x0000000087500000|  0%| F|  |TAMS 0x0000000087400000, 0x0000000087400000| Untracked 
| 117|0x0000000087500000, 0x0000000087500000, 0x0000000087600000|  0%| F|  |TAMS 0x0000000087500000, 0x0000000087500000| Untracked 
| 118|0x0000000087600000, 0x0000000087600000, 0x0000000087700000|  0%| F|  |TAMS 0x0000000087600000, 0x0000000087600000| Untracked 
| 119|0x0000000087700000, 0x0000000087800000, 0x0000000087800000|100%| S|CS|TAMS 0x0000000087700000, 0x0000000087700000| Complete 
| 120|0x0000000087800000, 0x0000000087800000, 0x0000000087900000|  0%| F|  |TAMS 0x0000000087800000, 0x0000000087800000| Untracked 
| 121|0x0000000087900000, 0x0000000087900000, 0x0000000087a00000|  0%| F|  |TAMS 0x0000000087900000, 0x0000000087900000| Untracked 

Card table byte_map: [0x00000255d1cd0000,0x00000255d20d0000] _byte_map_base: 0x00000255d18d0000

Marking Bits (Prev, Next): (CMBitMap*) 0x00000255bb0cb140, (CMBitMap*) 0x00000255bb0cb100
 Prev Bits: [0x00000255d44d0000, 0x00000255d64d0000)
 Next Bits: [0x00000255d24d0000, 0x00000255d44d0000)

Polling page: 0x00000255b8fc0000

Metaspace:

Usage:
  Non-class:     52.75 MB used.
      Class:      8.71 MB used.
       Both:     61.46 MB used.

Virtual space:
  Non-class space:       56.00 MB reserved,      53.06 MB ( 95%) committed,  7 nodes.
      Class space:      412.00 MB reserved,       9.00 MB (  2%) committed,  1 nodes.
             Both:      468.00 MB reserved,      62.06 MB ( 13%) committed. 

Chunk freelists:
   Non-Class:  2.00 MB
       Class:  2.97 MB
        Both:  4.97 MB

MaxMetaspaceSize: 512.00 MB
CompressedClassSpaceSize: 412.00 MB
Initial GC threshold: 21.00 MB
Current GC threshold: 101.88 MB
CDS: on
MetaspaceReclaimPolicy: balanced
 - commit_granule_bytes: 65536.
 - commit_granule_words: 8192.
 - virtual_space_node_default_size: 1048576.
 - enlarge_chunks_in_place: 1.
 - new_chunks_are_fully_committed: 0.
 - uncommit_free_chunks: 1.
 - use_allocation_guard: 0.
 - handle_deallocations: 1.


Internal statistics:

num_allocs_failed_limit: 6.
num_arena_births: 852.
num_arena_deaths: 0.
num_vsnodes_births: 8.
num_vsnodes_deaths: 0.
num_space_committed: 993.
num_space_uncommitted: 0.
num_chunks_returned_to_freelist: 6.
num_chunks_taken_from_freelist: 3493.
num_chunk_merges: 6.
num_chunk_splits: 2276.
num_chunks_enlarged: 1491.
num_purges: 0.
num_inconsistent_stats: 0.

CodeHeap 'non-profiled nmethods': size=120000Kb used=3063Kb max_used=3119Kb free=116937Kb
 bounds [0x00000255ca3a0000, 0x00000255ca6b0000, 0x00000255d18d0000]
CodeHeap 'profiled nmethods': size=120000Kb used=13465Kb max_used=13465Kb free=106534Kb
 bounds [0x00000255c2e70000, 0x00000255c3ba0000, 0x00000255ca3a0000]
CodeHeap 'non-nmethods': size=5760Kb used=2363Kb max_used=2402Kb free=3397Kb
 bounds [0x00000255c28d0000, 0x00000255c2b40000, 0x00000255c2e70000]
 total_blobs=7751 nmethods=6862 adapters=801
 compilation: enabled
              stopped_count=0, restarted_count=0
 full_count=0

Compilation events (20 events):
Event: 29.943 Thread 0x00000255d89a6200 7749       3       org.gradle.internal.snapshot.impl.DirectorySnapshotterStatistics$CollectingFileVisitor::postVisitDirectory (7 bytes)
Event: 29.943 Thread 0x00000255d89a6200 nmethod 7749 0x00000255c3b90090 code [0x00000255c3b90240, 0x00000255c3b90388]
Event: 29.944 Thread 0x00000255d89a6200 7750       3       org.gradle.internal.snapshot.impl.DirectorySnapshotter$PathVisitor::isNotFileSystemLoopException (17 bytes)
Event: 29.944 Thread 0x00000255d89a6200 nmethod 7750 0x00000255c3b90490 code [0x00000255c3b90640, 0x00000255c3b908f8]
Event: 29.944 Thread 0x00000255d89a6200 7751       3       org.gradle.internal.snapshot.impl.DirectorySnapshotterStatistics$CollectingFileVisitor::postVisitDirectory (10 bytes)
Event: 29.944 Thread 0x00000255d89a6200 nmethod 7751 0x00000255c3b90990 code [0x00000255c3b90b40, 0x00000255c3b90e08]
Event: 29.944 Thread 0x00000255d89a6200 7752       3       org.gradle.internal.snapshot.impl.DirectorySnapshotter$PathVisitor::doPostVisitDirectory (84 bytes)
Event: 29.947 Thread 0x00000255d89a6200 nmethod 7752 0x00000255c3b90f10 code [0x00000255c3b91220, 0x00000255c3b92748]
Event: 29.947 Thread 0x00000255d89a6200 7757       3       org.gradle.internal.snapshot.impl.DirectorySnapshotterStatistics$CollectingFileVisitor::preVisitDirectory (10 bytes)
Event: 29.947 Thread 0x00000255d89a6200 nmethod 7757 0x00000255c3b92e10 code [0x00000255c3b92fe0, 0x00000255c3b93378]
Event: 29.947 Thread 0x00000255d89a6200 7758       3       sun.nio.fs.WindowsDirectoryStream$WindowsDirectoryIterator::<init> (73 bytes)
Event: 29.948 Thread 0x00000255d89a6200 nmethod 7758 0x00000255c3b93510 code [0x00000255c3b93760, 0x00000255c3b940f8]
Event: 29.948 Thread 0x00000255d89a6200 7753       3       org.gradle.internal.snapshot.impl.FilteredTrackingMerkleDirectorySnapshotBuilder::isCurrentLevelUnfiltered (16 bytes)
Event: 29.949 Thread 0x00000255d89a6200 nmethod 7753 0x00000255c3b94410 code [0x00000255c3b945c0, 0x00000255c3b948a8]
Event: 29.949 Thread 0x00000255d89a6200 7754       3       org.gradle.internal.snapshot.impl.FilteredTrackingMerkleDirectorySnapshotBuilder::leaveDirectory (90 bytes)
Event: 29.950 Thread 0x00000255d89a6200 nmethod 7754 0x00000255c3b94990 code [0x00000255c3b94bc0, 0x00000255c3b95578]
Event: 29.950 Thread 0x00000255d89a6200 7755       3       org.gradle.internal.snapshot.MerkleDirectorySnapshotBuilder::leaveDirectory (27 bytes)
Event: 29.950 Thread 0x00000255d89a6200 nmethod 7755 0x00000255c3b95810 code [0x00000255c3b959e0, 0x00000255c3b95d68]
Event: 29.950 Thread 0x00000255d89a6200 7756       3       org.gradle.internal.snapshot.DirectorySnapshot::<init> (20 bytes)
Event: 29.951 Thread 0x00000255d89a6200 nmethod 7756 0x00000255c3b95e90 code [0x00000255c3b96040, 0x00000255c3b963d8]

GC Heap History (20 events):
Event: 23.112 GC heap after
{Heap after GC invocations=16 (full 0):
 garbage-first heap   total 89088K, used 40905K [0x0000000080000000, 0x0000000100000000)
  region size 1024K, 4 young (4096K), 4 survivors (4096K)
 Metaspace       used 50864K, committed 51456K, reserved 471040K
  class space    used 7203K, committed 7488K, reserved 421888K
}
Event: 24.324 GC heap before
{Heap before GC invocations=16 (full 0):
 garbage-first heap   total 89088K, used 72649K [0x0000000080000000, 0x0000000100000000)
  region size 1024K, 35 young (35840K), 4 survivors (4096K)
 Metaspace       used 51660K, committed 52288K, reserved 471040K
  class space    used 7276K, committed 7552K, reserved 421888K
}
Event: 24.340 GC heap after
{Heap after GC invocations=17 (full 0):
 garbage-first heap   total 89088K, used 45248K [0x0000000080000000, 0x0000000100000000)
  region size 1024K, 5 young (5120K), 5 survivors (5120K)
 Metaspace       used 51660K, committed 52288K, reserved 471040K
  class space    used 7276K, committed 7552K, reserved 421888K
}
Event: 25.152 GC heap before
{Heap before GC invocations=17 (full 0):
 garbage-first heap   total 89088K, used 70848K [0x0000000080000000, 0x0000000100000000)
  region size 1024K, 31 young (31744K), 5 survivors (5120K)
 Metaspace       used 53985K, committed 54656K, reserved 471040K
  class space    used 7663K, committed 8000K, reserved 421888K
}
Event: 25.166 GC heap after
{Heap after GC invocations=18 (full 0):
 garbage-first heap   total 107520K, used 46904K [0x0000000080000000, 0x0000000100000000)
  region size 1024K, 3 young (3072K), 3 survivors (3072K)
 Metaspace       used 53985K, committed 54656K, reserved 471040K
  class space    used 7663K, committed 8000K, reserved 421888K
}
Event: 26.545 GC heap before
{Heap before GC invocations=19 (full 0):
 garbage-first heap   total 107520K, used 95032K [0x0000000080000000, 0x0000000100000000)
  region size 1024K, 39 young (39936K), 3 survivors (3072K)
 Metaspace       used 57182K, committed 57792K, reserved 479232K
  class space    used 8156K, committed 8448K, reserved 421888K
}
Event: 26.556 GC heap after
{Heap after GC invocations=20 (full 0):
 garbage-first heap   total 107520K, used 62866K [0x0000000080000000, 0x0000000100000000)
  region size 1024K, 5 young (5120K), 5 survivors (5120K)
 Metaspace       used 57182K, committed 57792K, reserved 479232K
  class space    used 8156K, committed 8448K, reserved 421888K
}
Event: 26.600 GC heap before
{Heap before GC invocations=20 (full 0):
 garbage-first heap   total 107520K, used 62866K [0x0000000080000000, 0x0000000100000000)
  region size 1024K, 6 young (6144K), 5 survivors (5120K)
 Metaspace       used 57237K, committed 57856K, reserved 479232K
  class space    used 8160K, committed 8448K, reserved 421888K
}
Event: 26.609 GC heap after
{Heap after GC invocations=21 (full 0):
 garbage-first heap   total 107520K, used 62752K [0x0000000080000000, 0x0000000100000000)
  region size 1024K, 1 young (1024K), 1 survivors (1024K)
 Metaspace       used 57237K, committed 57856K, reserved 479232K
  class space    used 8160K, committed 8448K, reserved 421888K
}
Event: 27.251 GC heap before
{Heap before GC invocations=21 (full 0):
 garbage-first heap   total 107520K, used 87328K [0x0000000080000000, 0x0000000100000000)
  region size 1024K, 25 young (25600K), 1 survivors (1024K)
 Metaspace       used 59089K, committed 59648K, reserved 479232K
  class space    used 8397K, committed 8640K, reserved 421888K
}
Event: 27.256 GC heap after
{Heap after GC invocations=22 (full 0):
 garbage-first heap   total 107520K, used 64065K [0x0000000080000000, 0x0000000100000000)
  region size 1024K, 2 young (2048K), 2 survivors (2048K)
 Metaspace       used 59089K, committed 59648K, reserved 479232K
  class space    used 8397K, committed 8640K, reserved 421888K
}
Event: 27.914 GC heap before
{Heap before GC invocations=23 (full 0):
 garbage-first heap   total 117760K, used 86593K [0x0000000080000000, 0x0000000100000000)
  region size 1024K, 25 young (25600K), 2 survivors (2048K)
 Metaspace       used 60426K, committed 61120K, reserved 479232K
  class space    used 8586K, committed 8896K, reserved 421888K
}
Event: 27.921 GC heap after
{Heap after GC invocations=24 (full 0):
 garbage-first heap   total 117760K, used 64879K [0x0000000080000000, 0x0000000100000000)
  region size 1024K, 3 young (3072K), 3 survivors (3072K)
 Metaspace       used 60426K, committed 61120K, reserved 479232K
  class space    used 8586K, committed 8896K, reserved 421888K
}
Event: 27.973 GC heap before
{Heap before GC invocations=24 (full 0):
 garbage-first heap   total 117760K, used 66927K [0x0000000080000000, 0x0000000100000000)
  region size 1024K, 5 young (5120K), 3 survivors (3072K)
 Metaspace       used 60541K, committed 61184K, reserved 479232K
  class space    used 8605K, committed 8896K, reserved 421888K
}
Event: 27.981 GC heap after
{Heap after GC invocations=25 (full 0):
 garbage-first heap   total 117760K, used 64582K [0x0000000080000000, 0x0000000100000000)
  region size 1024K, 1 young (1024K), 1 survivors (1024K)
 Metaspace       used 60541K, committed 61184K, reserved 479232K
  class space    used 8605K, committed 8896K, reserved 421888K
}
Event: 28.928 GC heap before
{Heap before GC invocations=25 (full 0):
 garbage-first heap   total 117760K, used 96326K [0x0000000080000000, 0x0000000100000000)
  region size 1024K, 32 young (32768K), 1 survivors (1024K)
 Metaspace       used 61684K, committed 62272K, reserved 479232K
  class space    used 8750K, committed 9024K, reserved 421888K
}
Event: 28.938 GC heap after
{Heap after GC invocations=26 (full 0):
 garbage-first heap   total 117760K, used 67907K [0x0000000080000000, 0x0000000100000000)
  region size 1024K, 4 young (4096K), 4 survivors (4096K)
 Metaspace       used 61684K, committed 62272K, reserved 479232K
  class space    used 8750K, committed 9024K, reserved 421888K
}
Event: 29.914 GC heap before
{Heap before GC invocations=27 (full 0):
 garbage-first heap   total 124928K, used 94531K [0x0000000080000000, 0x0000000100000000)
  region size 1024K, 30 young (30720K), 4 survivors (4096K)
 Metaspace       used 62927K, committed 63552K, reserved 479232K
  class space    used 8920K, committed 9216K, reserved 421888K
}
Event: 29.926 GC heap after
{Heap after GC invocations=28 (full 0):
 garbage-first heap   total 124928K, used 69860K [0x0000000080000000, 0x0000000100000000)
  region size 1024K, 4 young (4096K), 4 survivors (4096K)
 Metaspace       used 62927K, committed 63552K, reserved 479232K
  class space    used 8920K, committed 9216K, reserved 421888K
}
Event: 29.961 GC heap before
{Heap before GC invocations=28 (full 0):
 garbage-first heap   total 124928K, used 71908K [0x0000000080000000, 0x0000000100000000)
  region size 1024K, 6 young (6144K), 4 survivors (4096K)
 Metaspace       used 62933K, committed 63552K, reserved 479232K
  class space    used 8920K, committed 9216K, reserved 421888K
}

Deoptimization events (20 events):
Event: 28.999 Thread 0x00000255daf6dd10 Uncommon trap: trap_request=0xffffffde fr.pc=0x00000255ca55b8e8 relative=0x0000000000001a68
Event: 28.999 Thread 0x00000255daf6dd10 Uncommon trap: reason=class_check action=maybe_recompile pc=0x00000255ca55b8e8 method=jdk.internal.loader.Resource.cachedInputStream()Ljava/io/InputStream; @ 9 c2
Event: 28.999 Thread 0x00000255daf6dd10 DEOPT PACKING pc=0x00000255ca55b8e8 sp=0x000000786f6f6ad0
Event: 28.999 Thread 0x00000255daf6dd10 DEOPT UNPACKING pc=0x00000255c29223a3 sp=0x000000786f6f6b10 mode 2
Event: 29.008 Thread 0x00000255daf6dd10 Uncommon trap: trap_request=0xffffffde fr.pc=0x00000255ca55b8e8 relative=0x0000000000001a68
Event: 29.008 Thread 0x00000255daf6dd10 Uncommon trap: reason=class_check action=maybe_recompile pc=0x00000255ca55b8e8 method=jdk.internal.loader.Resource.cachedInputStream()Ljava/io/InputStream; @ 9 c2
Event: 29.008 Thread 0x00000255daf6dd10 DEOPT PACKING pc=0x00000255ca55b8e8 sp=0x000000786f6f66b0
Event: 29.008 Thread 0x00000255daf6dd10 DEOPT UNPACKING pc=0x00000255c29223a3 sp=0x000000786f6f66f0 mode 2
Event: 29.017 Thread 0x00000255daf6dd10 Uncommon trap: trap_request=0xffffffde fr.pc=0x00000255ca55b8e8 relative=0x0000000000001a68
Event: 29.017 Thread 0x00000255daf6dd10 Uncommon trap: reason=class_check action=maybe_recompile pc=0x00000255ca55b8e8 method=jdk.internal.loader.Resource.cachedInputStream()Ljava/io/InputStream; @ 9 c2
Event: 29.017 Thread 0x00000255daf6dd10 DEOPT PACKING pc=0x00000255ca55b8e8 sp=0x000000786f6f66b0
Event: 29.017 Thread 0x00000255daf6dd10 DEOPT UNPACKING pc=0x00000255c29223a3 sp=0x000000786f6f66f0 mode 2
Event: 29.033 Thread 0x00000255dad8c780 DEOPT PACKING pc=0x00000255c312ca56 sp=0x000000786f2fe7e0
Event: 29.033 Thread 0x00000255dad8c780 DEOPT UNPACKING pc=0x00000255c2922b43 sp=0x000000786f2fdcf0 mode 0
Event: 29.288 Thread 0x00000255daf6dd10 Uncommon trap: trap_request=0xffffff3d fr.pc=0x00000255ca5b2f18 relative=0x0000000000005858
Event: 29.288 Thread 0x00000255daf6dd10 Uncommon trap: reason=unstable_fused_if action=reinterpret pc=0x00000255ca5b2f18 method=org.objectweb.asm.Frame.execute(IILorg/objectweb/asm/Symbol;Lorg/objectweb/asm/SymbolTable;)V @ 1 c2
Event: 29.288 Thread 0x00000255daf6dd10 DEOPT PACKING pc=0x00000255ca5b2f18 sp=0x000000786f6f4c90
Event: 29.288 Thread 0x00000255daf6dd10 DEOPT UNPACKING pc=0x00000255c29223a3 sp=0x000000786f6f4c38 mode 2
Event: 29.592 Thread 0x00000255daf6dd10 DEOPT PACKING pc=0x00000255c2ebe571 sp=0x000000786f6f68d0
Event: 29.592 Thread 0x00000255daf6dd10 DEOPT UNPACKING pc=0x00000255c2922b43 sp=0x000000786f6f5e10 mode 0

Classes unloaded (0 events):
No events

Classes redefined (0 events):
No events

Internal exceptions (20 events):
Event: 25.761 Thread 0x00000255daf6dd10 Exception <a 'java/lang/NoSuchMethodError'{0x0000000085add160}: static Lorg/jetbrains/kotlin/gradle/plugin/internal/DefaultKotlinTestReportCompatibilityHelperVariantFactory;.<clinit>()V> (0x0000000085add160) 
thrown [t:\workspace\open\src\hotspot\share\prims\jni.cpp, line 1107]
Event: 25.766 Thread 0x00000255daf6dd10 Exception <a 'java/lang/NoSuchMethodError'{0x0000000085904820}: static Lorg/jetbrains/kotlin/gradle/plugin/internal/DefaultMppTestReportHelperVariantFactory;.<clinit>()V> (0x0000000085904820) 
thrown [t:\workspace\open\src\hotspot\share\prims\jni.cpp, line 1107]
Event: 25.771 Thread 0x00000255daf6dd10 Exception <a 'java/lang/NoSuchMethodError'{0x0000000085936ba0}: static Lorg/jetbrains/kotlin/gradle/plugin/internal/DefaultConfigurationCacheStartParameterAccessorVariantFactory;.<clinit>()V> (0x0000000085936ba0) 
thrown [t:\workspace\open\src\hotspot\share\prims\jni.cpp, line 1107]
Event: 25.774 Thread 0x00000255daf6dd10 Exception <a 'java/lang/NoSuchMethodError'{0x000000008595bd98}: static Lorg/jetbrains/kotlin/gradle/plugin/internal/MavenPluginConfigurator$DefaultMavenPluginConfiguratorVariantFactory;.<clinit>()V> (0x000000008595bd98) 
thrown [t:\workspace\open\src\hotspot\share\prims\jni.cpp, line 1107]
Event: 25.777 Thread 0x00000255daf6dd10 Exception <a 'java/lang/NoSuchMethodError'{0x000000008597f440}: static Lorg/jetbrains/kotlin/gradle/targets/js/nodejs/DefaultUnameExecutorVariantFactory;.<clinit>()V> (0x000000008597f440) 
thrown [t:\workspace\open\src\hotspot\share\prims\jni.cpp, line 1107]
Event: 25.781 Thread 0x00000255daf6dd10 Exception <a 'java/lang/NoSuchMethodError'{0x00000000859a37e8}: static Lorg/jetbrains/kotlin/gradle/plugin/internal/DefaultBasePluginConfigurationVariantFactory;.<clinit>()V> (0x00000000859a37e8) 
thrown [t:\workspace\open\src\hotspot\share\prims\jni.cpp, line 1107]
Event: 25.821 Thread 0x00000255daf6dd10 Exception <a 'java/lang/IncompatibleClassChangeError'{0x0000000085871280}: Found class java.lang.Object, but interface was expected> (0x0000000085871280) 
thrown [t:\workspace\open\src\hotspot\share\interpreter\linkResolver.cpp, line 833]
Event: 28.204 Thread 0x00000255daf6dd10 Exception <a 'java/lang/ClassNotFoundException'{0x000000008698c818}: org/jetbrains/kotlin/gradle/targets/js/npm/DefaultNpmDependencyExtensionBeanInfo> (0x000000008698c818) 
thrown [t:\workspace\open\src\hotspot\share\classfile\systemDictionary.cpp, line 256]
Event: 28.205 Thread 0x00000255daf6dd10 Exception <a 'java/lang/ClassNotFoundException'{0x00000000869a0ef0}: org/jetbrains/kotlin/gradle/targets/js/npm/DefaultNpmDependencyExtensionCustomizer> (0x00000000869a0ef0) 
thrown [t:\workspace\open\src\hotspot\share\classfile\systemDictionary.cpp, line 256]
Event: 28.277 Thread 0x00000255daf6dd10 Exception <a 'java/lang/ClassNotFoundException'{0x00000000868548f0}: org/jetbrains/kotlin/gradle/targets/js/npm/NpmDependencyExtensionKt$defaultNpmDependencyDelegate$1BeanInfo> (0x00000000868548f0) 
thrown [t:\workspace\open\src\hotspot\share\classfile\systemDictionary.cpp, line 256]
Event: 28.279 Thread 0x00000255daf6dd10 Exception <a 'java/lang/ClassNotFoundException'{0x00000000868692b0}: org/jetbrains/kotlin/gradle/targets/js/npm/NpmDependencyExtensionDelegateBeanInfo> (0x00000000868692b0) 
thrown [t:\workspace\open\src\hotspot\share\classfile\systemDictionary.cpp, line 256]
Event: 28.281 Thread 0x00000255daf6dd10 Exception <a 'java/lang/ClassNotFoundException'{0x000000008687dc70}: org/jetbrains/kotlin/gradle/targets/js/npm/NpmDependencyExtensionDelegateCustomizer> (0x000000008687dc70) 
thrown [t:\workspace\open\src\hotspot\share\classfile\systemDictionary.cpp, line 256]
Event: 28.286 Thread 0x00000255daf6dd10 Exception <a 'java/lang/ClassNotFoundException'{0x00000000868b9b18}: org/jetbrains/kotlin/gradle/targets/js/npm/NpmDependencyExtensionKt$defaultNpmDependencyDelegate$1Customizer> (0x00000000868b9b18) 
thrown [t:\workspace\open\src\hotspot\share\classfile\systemDictionary.cpp, line 256]
Event: 28.296 Thread 0x00000255daf6dd10 Exception <a 'java/lang/ClassNotFoundException'{0x000000008670c708}: org/jetbrains/kotlin/gradle/targets/js/npm/DefaultDevNpmDependencyExtensionBeanInfo> (0x000000008670c708) 
thrown [t:\workspace\open\src\hotspot\share\classfile\systemDictionary.cpp, line 256]
Event: 28.298 Thread 0x00000255daf6dd10 Exception <a 'java/lang/ClassNotFoundException'{0x0000000086720e38}: org/jetbrains/kotlin/gradle/targets/js/npm/DefaultDevNpmDependencyExtensionCustomizer> (0x0000000086720e38) 
thrown [t:\workspace\open\src\hotspot\share\classfile\systemDictionary.cpp, line 256]
Event: 28.352 Thread 0x00000255daf6dd10 Exception <a 'java/lang/ClassNotFoundException'{0x000000008677b8a0}: org/jetbrains/kotlin/gradle/targets/js/npm/DefaultPeerNpmDependencyExtensionBeanInfo> (0x000000008677b8a0) 
thrown [t:\workspace\open\src\hotspot\share\classfile\systemDictionary.cpp, line 256]
Event: 28.356 Thread 0x00000255daf6dd10 Exception <a 'java/lang/ClassNotFoundException'{0x00000000867902c8}: org/jetbrains/kotlin/gradle/targets/js/npm/DefaultPeerNpmDependencyExtensionCustomizer> (0x00000000867902c8) 
thrown [t:\workspace\open\src\hotspot\share\classfile\systemDictionary.cpp, line 256]
Event: 28.368 Thread 0x00000255daf6dd10 Exception <a 'java/lang/ClassNotFoundException'{0x00000000867f8628}: org/jetbrains/kotlin/gradle/targets/js/npm/DefaultPeerNpmDependencyExtension$delegate$1BeanInfo> (0x00000000867f8628) 
thrown [t:\workspace\open\src\hotspot\share\classfile\systemDictionary.cpp, line 256]
Event: 28.372 Thread 0x00000255daf6dd10 Exception <a 'java/lang/ClassNotFoundException'{0x000000008660d720}: org/jetbrains/kotlin/gradle/targets/js/npm/DefaultPeerNpmDependencyExtension$delegate$1Customizer> (0x000000008660d720) 
thrown [t:\workspace\open\src\hotspot\share\classfile\systemDictionary.cpp, line 256]
Event: 28.487 Thread 0x00000255daf6dd10 Exception <a 'java/lang/NoSuchMethodError'{0x000000008657a908}: static Lorg/jetbrains/kotlin/gradle/plugin/internal/DefaultIdeaSyncDetector$createIdeaPropertiesEvaluator$1;.<clinit>()V> (0x000000008657a908) 
thrown [t:\workspace\open\src\hotspot\share\prims\jni.cpp, line 1107]

VM Operations (20 events):
Event: 29.465 Executing VM operation: ICBufferFull done
Event: 29.587 Executing VM operation: HandshakeAllThreads
Event: 29.587 Executing VM operation: HandshakeAllThreads done
Event: 29.608 Executing VM operation: ICBufferFull
Event: 29.608 Executing VM operation: ICBufferFull done
Event: 29.703 Executing VM operation: ICBufferFull
Event: 29.703 Executing VM operation: ICBufferFull done
Event: 29.796 Executing VM operation: ICBufferFull
Event: 29.796 Executing VM operation: ICBufferFull done
Event: 29.866 Executing VM operation: ICBufferFull
Event: 29.866 Executing VM operation: ICBufferFull done
Event: 29.887 Executing VM operation: ICBufferFull
Event: 29.887 Executing VM operation: ICBufferFull done
Event: 29.907 Executing VM operation: ICBufferFull
Event: 29.907 Executing VM operation: ICBufferFull done
Event: 29.914 Executing VM operation: G1CollectForAllocation
Event: 29.926 Executing VM operation: G1CollectForAllocation done
Event: 29.952 Executing VM operation: ICBufferFull
Event: 29.952 Executing VM operation: ICBufferFull done
Event: 29.961 Executing VM operation: G1CollectForAllocation

Events (20 events):
Event: 26.092 loading class com/sun/jmx/mbeanserver/StandardMBeanSupport done
Event: 26.092 loading class com/sun/jmx/mbeanserver/StandardMBeanIntrospector
Event: 26.093 loading class com/sun/jmx/mbeanserver/StandardMBeanIntrospector done
Event: 26.120 Thread 0x00000255d9cb7580 Thread added: 0x00000255d9cb7580
Event: 26.412 loading class sun/reflect/misc/MethodUtil
Event: 26.413 loading class sun/reflect/misc/MethodUtil done
Event: 26.414 loading class sun/reflect/misc/MethodUtil$1
Event: 26.414 loading class sun/reflect/misc/MethodUtil$1 done
Event: 26.427 loading class java/nio/channels/Channels$1
Event: 26.428 loading class java/nio/channels/Channels$1 done
Event: 26.953 loading class java/lang/Override
Event: 26.954 loading class java/lang/Override done
Event: 27.231 loading class java/util/regex/Pattern$Pos
Event: 27.232 loading class java/util/regex/Pattern$Pos done
Event: 27.719 loading class java/util/AbstractList$ListItr
Event: 27.719 loading class java/util/AbstractList$ListItr done
Event: 27.865 loading class java/util/regex/Pattern$1
Event: 27.865 loading class java/util/regex/Pattern$1 done
Event: 29.219 loading class jdk/internal/access/foreign/MemorySegmentProxy
Event: 29.220 loading class jdk/internal/access/foreign/MemorySegmentProxy done


Dynamic libraries:
0x00007ff6062f0000 - 0x00007ff6062fe000 	C:\Program Files\Microsoft\jdk-17.0.2\bin\java.exe
0x00007ff97ff30000 - 0x00007ff980128000 	C:\Windows\SYSTEM32\ntdll.dll
0x00007ff97f500000 - 0x00007ff97f5c1000 	C:\Windows\System32\KERNEL32.DLL
0x00007ff97d730000 - 0x00007ff97da2d000 	C:\Windows\System32\KERNELBASE.dll
0x00007ff97d630000 - 0x00007ff97d730000 	C:\Windows\System32\ucrtbase.dll
0x00007ff97a770000 - 0x00007ff97a788000 	C:\Program Files\Microsoft\jdk-17.0.2\bin\jli.dll
0x00007ff97fd50000 - 0x00007ff97feed000 	C:\Windows\System32\USER32.dll
0x00007ff97da30000 - 0x00007ff97da52000 	C:\Windows\System32\win32u.dll
0x00007ff97f5d0000 - 0x00007ff97f5fb000 	C:\Windows\System32\GDI32.dll
0x00007ff97db70000 - 0x00007ff97dc87000 	C:\Windows\System32\gdi32full.dll
0x00007ff97dad0000 - 0x00007ff97db6d000 	C:\Windows\System32\msvcp_win.dll
0x00007ff976d90000 - 0x00007ff976daa000 	C:\Program Files\Microsoft\jdk-17.0.2\bin\VCRUNTIME140.dll
0x00007ff96d220000 - 0x00007ff96d4ba000 	C:\Windows\WinSxS\amd64_microsoft.windows.common-controls_6595b64144ccf1df_6.0.19041.4355_none_60b8b9eb71f62e16\COMCTL32.dll
0x00007ff97fa30000 - 0x00007ff97face000 	C:\Windows\System32\msvcrt.dll
0x00007ff97f600000 - 0x00007ff97f62f000 	C:\Windows\System32\IMM32.DLL
0x00007ff976d80000 - 0x00007ff976d8c000 	C:\Program Files\Microsoft\jdk-17.0.2\bin\vcruntime140_1.dll
0x00007ff976cf0000 - 0x00007ff976d7d000 	C:\Program Files\Microsoft\jdk-17.0.2\bin\msvcp140.dll
0x00007ff92c6b0000 - 0x00007ff92d271000 	C:\Program Files\Microsoft\jdk-17.0.2\bin\server\jvm.dll
0x00007ff97f770000 - 0x00007ff97f820000 	C:\Windows\System32\ADVAPI32.dll
0x00007ff97f990000 - 0x00007ff97fa30000 	C:\Windows\System32\sechost.dll
0x00007ff97f3d0000 - 0x00007ff97f4f3000 	C:\Windows\System32\RPCRT4.dll
0x00007ff97ddd0000 - 0x00007ff97ddf7000 	C:\Windows\System32\bcrypt.dll
0x00007ff97f630000 - 0x00007ff97f638000 	C:\Windows\System32\PSAPI.DLL
0x00007ff976ce0000 - 0x00007ff976ce9000 	C:\Windows\SYSTEM32\WSOCK32.dll
0x00007ff97fc60000 - 0x00007ff97fccb000 	C:\Windows\System32\WS2_32.dll
0x00007ff96ec00000 - 0x00007ff96ec27000 	C:\Windows\SYSTEM32\WINMM.dll
0x00007ff974a20000 - 0x00007ff974a2a000 	C:\Windows\SYSTEM32\VERSION.dll
0x00007ff97b460000 - 0x00007ff97b472000 	C:\Windows\SYSTEM32\kernel.appcore.dll
0x00007ff974fd0000 - 0x00007ff974fda000 	C:\Program Files\Microsoft\jdk-17.0.2\bin\jimage.dll
0x00007ff96a940000 - 0x00007ff96ab24000 	C:\Windows\SYSTEM32\DBGHELP.DLL
0x00007ff96a720000 - 0x00007ff96a754000 	C:\Windows\SYSTEM32\dbgcore.DLL
0x00007ff97dc90000 - 0x00007ff97dd12000 	C:\Windows\System32\bcryptPrimitives.dll
0x00007ff967040000 - 0x00007ff96704e000 	C:\Program Files\Microsoft\jdk-17.0.2\bin\instrument.dll
0x00007ff9676a0000 - 0x00007ff9676c5000 	C:\Program Files\Microsoft\jdk-17.0.2\bin\java.dll
0x00007ff962c90000 - 0x00007ff962d66000 	C:\Program Files\Microsoft\jdk-17.0.2\bin\jsvml.dll
0x00007ff97ec60000 - 0x00007ff97f3cf000 	C:\Windows\System32\SHELL32.dll
0x00007ff97b660000 - 0x00007ff97be03000 	C:\Windows\SYSTEM32\windows.storage.dll
0x00007ff97e8a0000 - 0x00007ff97ebf3000 	C:\Windows\System32\combase.dll
0x00007ff97d010000 - 0x00007ff97d03e000 	C:\Windows\SYSTEM32\Wldp.dll
0x00007ff97f640000 - 0x00007ff97f70d000 	C:\Windows\System32\OLEAUT32.dll
0x00007ff97e640000 - 0x00007ff97e6ed000 	C:\Windows\System32\SHCORE.dll
0x00007ff97f710000 - 0x00007ff97f765000 	C:\Windows\System32\shlwapi.dll
0x00007ff97d510000 - 0x00007ff97d534000 	C:\Windows\SYSTEM32\profapi.dll
0x00007ff96e190000 - 0x00007ff96e1a8000 	C:\Program Files\Microsoft\jdk-17.0.2\bin\zip.dll
0x00007ff96eaa0000 - 0x00007ff96eab9000 	C:\Program Files\Microsoft\jdk-17.0.2\bin\net.dll
0x00007ff975bd0000 - 0x00007ff975cdd000 	C:\Windows\SYSTEM32\WINHTTP.dll
0x00007ff97cd70000 - 0x00007ff97cdda000 	C:\Windows\system32\mswsock.dll
0x00007ff96e1b0000 - 0x00007ff96e1c6000 	C:\Program Files\Microsoft\jdk-17.0.2\bin\nio.dll
0x00007ff967550000 - 0x00007ff967560000 	C:\Program Files\Microsoft\jdk-17.0.2\bin\verify.dll
0x00007ff95ecd0000 - 0x00007ff95ecf7000 	C:\Users\aanan\.gradle\native\c067742578af261105cb4f569cf0c3c89f3d7b1fecec35dd04571415982c5e48\windows-amd64\native-platform.dll
0x00007ff92c210000 - 0x00007ff92c354000 	C:\Users\aanan\.gradle\native\100fb08df4bc3b14c8652ba06237920a3bd2aa13389f12d3474272988ae205f9\windows-amd64\native-platform-file-events.dll
0x00007ff9741d0000 - 0x00007ff9741d9000 	C:\Program Files\Microsoft\jdk-17.0.2\bin\management.dll
0x00007ff96da40000 - 0x00007ff96da4b000 	C:\Program Files\Microsoft\jdk-17.0.2\bin\management_ext.dll
0x00007ff97cf70000 - 0x00007ff97cf88000 	C:\Windows\SYSTEM32\CRYPTSP.dll
0x00007ff97c620000 - 0x00007ff97c654000 	C:\Windows\system32\rsaenh.dll
0x00007ff97d4d0000 - 0x00007ff97d4fe000 	C:\Windows\SYSTEM32\USERENV.dll
0x00007ff97cf60000 - 0x00007ff97cf6c000 	C:\Windows\SYSTEM32\CRYPTBASE.dll
0x00007ff97ca00000 - 0x00007ff97ca3b000 	C:\Windows\SYSTEM32\IPHLPAPI.DLL
0x00007ff97e090000 - 0x00007ff97e098000 	C:\Windows\System32\NSI.dll
0x00007ff9765a0000 - 0x00007ff9765b7000 	C:\Windows\SYSTEM32\dhcpcsvc6.DLL
0x00007ff977140000 - 0x00007ff97715d000 	C:\Windows\SYSTEM32\dhcpcsvc.DLL
0x00007ff97ca40000 - 0x00007ff97cb0a000 	C:\Windows\SYSTEM32\DNSAPI.dll
0x00007ff96da30000 - 0x00007ff96da3e000 	C:\Program Files\Microsoft\jdk-17.0.2\bin\sunmscapi.dll
0x00007ff97de00000 - 0x00007ff97df5c000 	C:\Windows\System32\CRYPT32.dll
0x00007ff97d080000 - 0x00007ff97d0a9000 	C:\Windows\SYSTEM32\ncrypt.dll
0x00007ff97d040000 - 0x00007ff97d07b000 	C:\Windows\SYSTEM32\NTASN1.dll
0x00007ff96d190000 - 0x00007ff96d197000 	C:\Windows\system32\wshunix.dll

dbghelp: loaded successfully - version: 4.0.5 - missing functions: none
symbol engine: initialized successfully - sym options: 0x614 - pdb path: .;C:\Program Files\Microsoft\jdk-17.0.2\bin;C:\Windows\SYSTEM32;C:\Windows\WinSxS\amd64_microsoft.windows.common-controls_6595b64144ccf1df_6.0.19041.4355_none_60b8b9eb71f62e16;C:\Program Files\Microsoft\jdk-17.0.2\bin\server;C:\Users\aanan\.gradle\native\c067742578af261105cb4f569cf0c3c89f3d7b1fecec35dd04571415982c5e48\windows-amd64;C:\Users\aanan\.gradle\native\100fb08df4bc3b14c8652ba06237920a3bd2aa13389f12d3474272988ae205f9\windows-amd64

VM Arguments:
jvm_args: -XX:MaxMetaspaceSize=512m --add-opens=java.base/java.util=ALL-UNNAMED --add-opens=java.base/java.lang=ALL-UNNAMED --add-opens=java.base/java.lang.invoke=ALL-UNNAMED --add-opens=java.prefs/java.util.prefs=ALL-UNNAMED --add-opens=java.base/java.nio.charset=ALL-UNNAMED --add-opens=java.base/java.net=ALL-UNNAMED --add-opens=java.base/java.util.concurrent.atomic=ALL-UNNAMED -Xmx2048m -Dfile.encoding=windows-1252 -Duser.country=IN -Duser.language=en -Duser.variant -javaagent:C:\Users\aanan\.gradle\wrapper\dists\gradle-8.8-all\6gdy1pgp427xkqcjbxw3ylt6h\gradle-8.8\lib\agents\gradle-instrumentation-agent-8.8.jar 
java_command: org.gradle.launcher.daemon.bootstrap.GradleDaemon 8.8
java_class_path (initial): C:\Users\aanan\.gradle\wrapper\dists\gradle-8.8-all\6gdy1pgp427xkqcjbxw3ylt6h\gradle-8.8\lib\gradle-launcher-8.8.jar
Launcher Type: SUN_STANDARD

[Global flags]
     intx CICompilerCount                          = 3                                         {product} {ergonomic}
   size_t CompressedClassSpaceSize                 = 432013312                                 {product} {ergonomic}
     uint ConcGCThreads                            = 1                                         {product} {ergonomic}
     uint G1ConcRefinementThreads                  = 4                                         {product} {ergonomic}
   size_t G1HeapRegionSize                         = 1048576                                   {product} {ergonomic}
    uintx GCDrainStackTargetSize                   = 64                                        {product} {ergonomic}
   size_t InitialHeapSize                          = 100663296                                 {product} {ergonomic}
   size_t MarkStackSize                            = 4194304                                   {product} {ergonomic}
   size_t MaxHeapSize                              = 2147483648                                {product} {command line}
   size_t MaxMetaspaceSize                         = 536870912                                 {product} {command line}
   size_t MaxNewSize                               = 1287651328                                {product} {ergonomic}
   size_t MinHeapDeltaBytes                        = 1048576                                   {product} {ergonomic}
   size_t MinHeapSize                              = 8388608                                   {product} {ergonomic}
    uintx NonNMethodCodeHeapSize                   = 5832780                                {pd product} {ergonomic}
    uintx NonProfiledCodeHeapSize                  = 122912730                              {pd product} {ergonomic}
    uintx ProfiledCodeHeapSize                     = 122912730                              {pd product} {ergonomic}
    uintx ReservedCodeCacheSize                    = 251658240                              {pd product} {ergonomic}
     bool SegmentedCodeCache                       = true                                      {product} {ergonomic}
   size_t SoftMaxHeapSize                          = 2147483648                             {manageable} {ergonomic}
     bool UseCompressedClassPointers               = true                           {product lp64_product} {ergonomic}
     bool UseCompressedOops                        = true                           {product lp64_product} {ergonomic}
     bool UseG1GC                                  = true                                      {product} {ergonomic}
     bool UseLargePagesIndividualAllocation        = false                                  {pd product} {ergonomic}

Logging:
Log output configuration:
 #0: stdout all=warning uptime,level,tags
 #1: stderr all=off uptime,level,tags

Environment Variables:
JAVA_HOME=C:\Program Files\Microsoft\jdk-17.0.2
CLASSPATH=C:\Users\aanan\Desktop\BlogApp\android\\gradle\wrapper\gradle-wrapper.jar
PATH=C:\Users\aanan\Desktop\BlogApp\node_modules\.bin;C:\Users\aanan\Desktop\node_modules\.bin;C:\Users\aanan\node_modules\.bin;C:\Users\node_modules\.bin;C:\node_modules\.bin;C:\Users\aanan\AppData\Roaming\nvm\v20.11.1\node_modules\npm\node_modules\@npmcli\run-script\lib\node-gyp-bin;C:\Program Files (x86)\Intel\iCLS Client\;C:\Program Files\Intel\iCLS Client\;C:\Windows\system32;C:\Windows;C:\Windows\System32\Wbem;C:\Windows\System32\WindowsPowerShell\v1.0\;C:\Windows\System32\OpenSSH\;C:\Program Files\dotnet\;C:\Program Files\Intel\Intel(R) Management Engine Components\DAL;C:\Program Files\Intel\Intel(R) Management Engine Components\IPT;C:\Program Files (x86)\Intel\Intel(R) Management Engine Components\DAL;C:\Program Files (x86)\Intel\Intel(R) Management Engine Components\IPT;C:\ProgramData\chocolatey\bin;C:\Users\aanan\AppData\Local\Android\Sdk\platform-tools;C:\Program Files\Git\cmd;C:\Program Files\Git\mingw64\bin;C:\Program Files\Git\usr\bin;C:\Program Files\Microsoft\jdk-17.0.2\bin;C:\Users\aanan\AppData\Roaming\nvm;C:\Program Files\nodejs;C:\Program Files\MongoDB\Server\7.0\bin;C:\Users\aanan\AppData\Local\Microsoft\WindowsApps;C:\Users\aanan\AppData\Local\Programs\Microsoft VS Code\bin;C:\Users\aanan\AppData\Roaming\npm;C:\Users\aanan\AppData\Roaming\nvm;C:\Program Files\nodejs;C:\Program Files\mongosh\
USERNAME=Devendra
OS=Windows_NT
PROCESSOR_IDENTIFIER=Intel64 Family 6 Model 69 Stepping 1, GenuineIntel



---------------  S Y S T E M  ---------------

OS:
 Windows 10 , 64 bit Build 19041 (10.0.19041.4842)
OS uptime: 0 days 0:50 hours

CPU: total 4 (initial active 4) (2 cores per cpu, 2 threads per core) family 6 model 69 stepping 1 microcode 0x25, cx8, cmov, fxsr, ht, mmx, sse, sse2, sse3, ssse3, sse4.1, sse4.2, popcnt, lzcnt, tsc, tscinvbit, avx, avx2, aes, erms, clmul, bmi1, bmi2, fma, vzeroupper, clflush

Memory: 4k page, system-wide physical 6024M (331M free)
TotalPageFile size 8072M (AvailPageFile size 73M)
current process WorkingSet (physical memory assigned to process): 302M, peak: 303M
current process commit charge ("private bytes"): 336M, peak: 455M

vm_info: OpenJDK 64-Bit Server VM (17.0.2+8-86) for windows-amd64 JRE (17.0.2+8-86), built on Dec  7 2021 21:49:10 by "mach5one" with MS VC++ 16.8 / 16.9 (VS2019)

END.
