#
# There is insufficient memory for the Java Runtime Environment to continue.
# Native memory allocation (mmap) failed to map 246415360 bytes for G1 virtual space
# Possible reasons:
#   The system is out of physical RAM or swap space
#   The process is running with CompressedOops enabled, and the Java Heap may be blocking the growth of the native heap
# Possible solutions:
#   Reduce memory load on the system
#   Increase physical memory or swap space
#   Check if swap backing store is full
#   Decrease Java heap size (-Xmx/-Xms)
#   Decrease number of Java threads
#   Decrease Java thread stack sizes (-Xss)
#   Set larger code cache with -XX:ReservedCodeCacheSize=
#   JVM is running with Unscaled Compressed Oops mode in which the Java heap is
#     placed in the first 4GB address space. The Java Heap base address is the
#     maximum limit for the native heap growth. Please use -XX:HeapBaseMinAddress
#     to set the Java Heap base and to place the Java Heap above 4GB virtual address.
# This output file may be truncated or incomplete.
#
#  Out of Memory Error (os_windows.cpp:3532), pid=1384, tid=1460
#
# JRE version: OpenJDK Runtime Environment (17.0.2+8) (build 17.0.2+8-86)
# Java VM: OpenJDK 64-Bit Server VM (17.0.2+8-86, mixed mode, sharing, tiered, compressed oops, compressed class ptrs, g1 gc, windows-amd64)
# No core dump will be written. Minidumps are not enabled by default on client versions of Windows
#

---------------  S U M M A R Y ------------

Command Line: -XX:MaxMetaspaceSize=512m --add-opens=java.base/java.util=ALL-UNNAMED --add-opens=java.base/java.lang=ALL-UNNAMED --add-opens=java.base/java.lang.invoke=ALL-UNNAMED --add-opens=java.prefs/java.util.prefs=ALL-UNNAMED --add-opens=java.base/java.nio.charset=ALL-UNNAMED --add-opens=java.base/java.net=ALL-UNNAMED --add-opens=java.base/java.util.concurrent.atomic=ALL-UNNAMED -Xmx2048m -Dfile.encoding=windows-1252 -Duser.country=IN -Duser.language=en -Duser.variant -javaagent:C:\Users\aanan\.gradle\wrapper\dists\gradle-8.8-all\6gdy1pgp427xkqcjbxw3ylt6h\gradle-8.8\lib\agents\gradle-instrumentation-agent-8.8.jar org.gradle.launcher.daemon.bootstrap.GradleDaemon 8.8

Host: Intel(R) Core(TM) i3-4010U CPU @ 1.70GHz, 4 cores, 5G,  Windows 10 , 64 bit Build 19041 (10.0.19041.4842)
Time: Mon Sep 16 12:00:22 2024 India Standard Time elapsed time: 33.892827 seconds (0d 0h 0m 33s)

---------------  T H R E A D  ---------------

Current thread (0x000001a6e08280f0):  VMThread "VM Thread" [stack: 0x000000918ff00000,0x0000009190000000] [id=1460]

Stack: [0x000000918ff00000,0x0000009190000000]
Native frames: (J=compiled Java code, j=interpreted, Vv=VM code, C=native code)
V  [jvm.dll+0x670baa]
V  [jvm.dll+0x7cfcb4]
V  [jvm.dll+0x7d145e]
V  [jvm.dll+0x7d1ac3]
V  [jvm.dll+0x242bc5]
V  [jvm.dll+0x66dac9]
V  [jvm.dll+0x662412]
V  [jvm.dll+0x300c0b]
V  [jvm.dll+0x3081a6]
V  [jvm.dll+0x357d0e]
V  [jvm.dll+0x357f3f]
V  [jvm.dll+0x2d7ec8]
V  [jvm.dll+0x2d6194]
V  [jvm.dll+0x2d579c]
V  [jvm.dll+0x3190eb]
V  [jvm.dll+0x7d5f9b]
V  [jvm.dll+0x7d6cd4]
V  [jvm.dll+0x7d71ec]
V  [jvm.dll+0x7d75c4]
V  [jvm.dll+0x7d7690]
V  [jvm.dll+0x77ff7a]
V  [jvm.dll+0x66fa35]
C  [ucrtbase.dll+0x21bb2]
C  [KERNEL32.DLL+0x17374]
C  [ntdll.dll+0x4cc91]

VM_Operation (0x00000091919fdf60): G1CollectForAllocation, mode: safepoint, requested by thread 0x000001a6e2962260


---------------  P R O C E S S  ---------------

Threads class SMR info:
_java_thread_list=0x000001a6e5622450, length=90, elements={
0x000001a6c2f89a70, 0x000001a6e082c4b0, 0x000001a6e082d230, 0x000001a6e0842db0,
0x000001a6e0844680, 0x000001a6e0845f50, 0x000001a6e0846810, 0x000001a6e084a9b0,
0x000001a6e084d770, 0x000001a6e0858090, 0x000001a6e1454f30, 0x000001a6e15112c0,
0x000001a6e29d65d0, 0x000001a6e18fa620, 0x000001a6e22471f0, 0x000001a6e2e170c0,
0x000001a6e20cd7a0, 0x000001a6e21d33b0, 0x000001a6e2963f40, 0x000001a6e2965c20,
0x000001a6e29648e0, 0x000001a6e29635a0, 0x000001a6e2962260, 0x000001a6e2964410,
0x000001a6e2965280, 0x000001a6e2962c00, 0x000001a6e29630d0, 0x000001a6e2964db0,
0x000001a6e2963a70, 0x000001a6e2965750, 0x000001a6e5b65c20, 0x000001a6e5b65280,
0x000001a6e5b66a90, 0x000001a6e5b6a920, 0x000001a6e5b68770, 0x000001a6e5b6adf0,
0x000001a6e5b65750, 0x000001a6e5b695e0, 0x000001a6e5b67430, 0x000001a6e5b68c40,
0x000001a6e5b69ab0, 0x000001a6e5b69f80, 0x000001a6e5b6a450, 0x000001a6e5b6b2c0,
0x000001a6e5b6b790, 0x000001a6e5b6bc60, 0x000001a6e5b6c130, 0x000001a6e4d11d60,
0x000001a6e4d16a60, 0x000001a6e4d178d0, 0x000001a6e4d13570, 0x000001a6e4d12bd0,
0x000001a6e4d13f10, 0x000001a6e4d15250, 0x000001a6e4d15720, 0x000001a6e4d113c0,
0x000001a6e4d160c0, 0x000001a6e4d10080, 0x000001a6e4d10550, 0x000001a6e4d10ef0,
0x000001a6e3f9a050, 0x000001a6e3f98d10, 0x000001a6e3f9e880, 0x000001a6e3f98370,
0x000001a6e3f9d070, 0x000001a6e3f99b80, 0x000001a6e3f9a9f0, 0x000001a6e3f9da10,
0x000001a6e3f97500, 0x000001a6e3f9c200, 0x000001a6e3f996b0, 0x000001a6e3f97ea0,
0x000001a6e3f9b390, 0x000001a6e3f9b860, 0x000001a6e3f9dee0, 0x000001a6e3f9a520,
0x000001a6e3f9bd30, 0x000001a6e3f991e0, 0x000001a6e3f9c6d0, 0x000001a6e3f9cba0,
0x000001a6e3f9aec0, 0x000001a6e3f9e3b0, 0x000001a6e3f979d0, 0x000001a6e3f9d540,
0x000001a6e3f97030, 0x000001a6e40cef90, 0x000001a6e40cfe00, 0x000001a6e40cdc50,
0x000001a6e40ce120, 0x000001a6e40cf460
}

Java Threads: ( => current thread )
  0x000001a6c2f89a70 JavaThread "main" [_thread_blocked, id=8560, stack(0x000000918f900000,0x000000918fa00000)]
  0x000001a6e082c4b0 JavaThread "Reference Handler" daemon [_thread_blocked, id=10632, stack(0x0000009190000000,0x0000009190100000)]
  0x000001a6e082d230 JavaThread "Finalizer" daemon [_thread_blocked, id=3752, stack(0x0000009190100000,0x0000009190200000)]
  0x000001a6e0842db0 JavaThread "Signal Dispatcher" daemon [_thread_blocked, id=6428, stack(0x0000009190200000,0x0000009190300000)]
  0x000001a6e0844680 JavaThread "Attach Listener" daemon [_thread_blocked, id=7916, stack(0x0000009190300000,0x0000009190400000)]
  0x000001a6e0845f50 JavaThread "Service Thread" daemon [_thread_blocked, id=8984, stack(0x0000009190400000,0x0000009190500000)]
  0x000001a6e0846810 JavaThread "Monitor Deflation Thread" daemon [_thread_blocked, id=9284, stack(0x0000009190500000,0x0000009190600000)]
  0x000001a6e084a9b0 JavaThread "C2 CompilerThread0" daemon [_thread_blocked, id=10792, stack(0x0000009190600000,0x0000009190700000)]
  0x000001a6e084d770 JavaThread "C1 CompilerThread0" daemon [_thread_blocked, id=12788, stack(0x0000009190700000,0x0000009190800000)]
  0x000001a6e0858090 JavaThread "Sweeper thread" daemon [_thread_blocked, id=12968, stack(0x0000009190800000,0x0000009190900000)]
  0x000001a6e1454f30 JavaThread "Common-Cleaner" daemon [_thread_blocked, id=4900, stack(0x0000009190900000,0x0000009190a00000)]
  0x000001a6e15112c0 JavaThread "Notification Thread" daemon [_thread_blocked, id=7644, stack(0x0000009190a00000,0x0000009190b00000)]
  0x000001a6e29d65d0 JavaThread "Daemon health stats" [_thread_blocked, id=12976, stack(0x0000009190e00000,0x0000009190f00000)]
  0x000001a6e18fa620 JavaThread "Incoming local TCP Connector on port 52064" [_thread_in_native, id=4072, stack(0x0000009191000000,0x0000009191100000)]
  0x000001a6e22471f0 JavaThread "Daemon periodic checks" [_thread_blocked, id=4724, stack(0x0000009191100000,0x0000009191200000)]
  0x000001a6e2e170c0 JavaThread "Daemon" [_thread_blocked, id=9684, stack(0x0000009191300000,0x0000009191400000)]
  0x000001a6e20cd7a0 JavaThread "Handler for socket connection from /127.0.0.1:52064 to /127.0.0.1:52065" [_thread_in_native, id=9632, stack(0x0000009191400000,0x0000009191500000)]
  0x000001a6e21d33b0 JavaThread "Cancel handler" [_thread_blocked, id=1380, stack(0x0000009191200000,0x0000009191300000)]
  0x000001a6e2963f40 JavaThread "Daemon worker" [_thread_blocked, id=4924, stack(0x0000009191500000,0x0000009191600000)]
  0x000001a6e2965c20 JavaThread "Asynchronous log dispatcher for DefaultDaemonConnection: socket connection from /127.0.0.1:52064 to /127.0.0.1:52065" [_thread_blocked, id=11604, stack(0x0000009191600000,0x0000009191700000)]
  0x000001a6e29648e0 JavaThread "Stdin handler" [_thread_blocked, id=1304, stack(0x0000009191700000,0x0000009191800000)]
  0x000001a6e29635a0 JavaThread "Daemon client event forwarder" [_thread_blocked, id=10352, stack(0x0000009191800000,0x0000009191900000)]
  0x000001a6e2962260 JavaThread "Cache worker for journal cache (C:\Users\aanan\.gradle\caches\journal-1)" [_thread_blocked, id=1764, stack(0x0000009191900000,0x0000009191a00000)]
  0x000001a6e2964410 JavaThread "File lock request listener" [_thread_in_native, id=8916, stack(0x0000009191a00000,0x0000009191b00000)]
  0x000001a6e2965280 JavaThread "Cache worker for file hash cache (C:\Users\aanan\.gradle\caches\8.8\fileHashes)" [_thread_blocked, id=9792, stack(0x0000009191b00000,0x0000009191c00000)]
  0x000001a6e2962c00 JavaThread "Cache worker for file hash cache (C:\Users\aanan\Desktop\BlogApp\android\.gradle\8.8\fileHashes)" [_thread_blocked, id=11436, stack(0x0000009191d00000,0x0000009191e00000)]
  0x000001a6e29630d0 JavaThread "File watcher server" daemon [_thread_blocked, id=8096, stack(0x0000009191e00000,0x0000009191f00000)]
  0x000001a6e2964db0 JavaThread "File watcher consumer" daemon [_thread_blocked, id=12072, stack(0x0000009191f00000,0x0000009192000000)]
  0x000001a6e2963a70 JavaThread "Cache worker for checksums cache (C:\Users\aanan\Desktop\BlogApp\android\.gradle\8.8\checksums)" [_thread_blocked, id=12460, stack(0x0000009192000000,0x0000009192100000)]
  0x000001a6e2965750 JavaThread "Cache worker for file content cache (C:\Users\aanan\.gradle\caches\8.8\fileContent)" [_thread_blocked, id=1080, stack(0x0000009192100000,0x0000009192200000)]
  0x000001a6e5b65c20 JavaThread "Cache worker for cache directory md-rule (C:\Users\aanan\.gradle\caches\8.8\md-rule)" [_thread_blocked, id=10292, stack(0x0000009192200000,0x0000009192300000)]
  0x000001a6e5b65280 JavaThread "Cache worker for cache directory md-supplier (C:\Users\aanan\.gradle\caches\8.8\md-supplier)" [_thread_blocked, id=1740, stack(0x0000009192300000,0x0000009192400000)]
  0x000001a6e5b66a90 JavaThread "jar transforms" [_thread_blocked, id=11956, stack(0x0000009192400000,0x0000009192500000)]
  0x000001a6e5b6a920 JavaThread "Unconstrained build operations" [_thread_blocked, id=7896, stack(0x0000009192600000,0x0000009192700000)]
  0x000001a6e5b68770 JavaThread "Unconstrained build operations Thread 2" [_thread_blocked, id=6352, stack(0x0000009192700000,0x0000009192800000)]
  0x000001a6e5b6adf0 JavaThread "Unconstrained build operations Thread 3" [_thread_blocked, id=7444, stack(0x0000009192800000,0x0000009192900000)]
  0x000001a6e5b65750 JavaThread "Unconstrained build operations Thread 4" [_thread_blocked, id=3968, stack(0x0000009192900000,0x0000009192a00000)]
  0x000001a6e5b695e0 JavaThread "Unconstrained build operations Thread 5" [_thread_blocked, id=3500, stack(0x0000009192a00000,0x0000009192b00000)]
  0x000001a6e5b67430 JavaThread "Unconstrained build operations Thread 6" [_thread_blocked, id=6152, stack(0x0000009192b00000,0x0000009192c00000)]
  0x000001a6e5b68c40 JavaThread "Cache worker for Build Output Cleanup Cache (C:\Users\aanan\Desktop\BlogApp\node_modules\@react-native\gradle-plugin\.gradle\buildOutputCleanup)" [_thread_blocked, id=3068, stack(0x0000009192c00000,0x0000009192d00000)]
  0x000001a6e5b69ab0 JavaThread "Unconstrained build operations Thread 7" [_thread_blocked, id=12244, stack(0x0000009192d00000,0x0000009192e00000)]
  0x000001a6e5b69f80 JavaThread "Unconstrained build operations Thread 8" [_thread_blocked, id=13268, stack(0x0000009192e00000,0x0000009192f00000)]
  0x000001a6e5b6a450 JavaThread "Unconstrained build operations Thread 9" [_thread_blocked, id=6376, stack(0x0000009192f00000,0x0000009193000000)]
  0x000001a6e5b6b2c0 JavaThread "Unconstrained build operations Thread 10" [_thread_blocked, id=7968, stack(0x0000009193000000,0x0000009193100000)]
  0x000001a6e5b6b790 JavaThread "Unconstrained build operations Thread 11" [_thread_blocked, id=7496, stack(0x0000009193100000,0x0000009193200000)]
  0x000001a6e5b6bc60 JavaThread "Unconstrained build operations Thread 12" [_thread_blocked, id=11572, stack(0x0000009193200000,0x0000009193300000)]
  0x000001a6e5b6c130 JavaThread "Unconstrained build operations Thread 13" [_thread_blocked, id=2980, stack(0x0000009193300000,0x0000009193400000)]
  0x000001a6e4d11d60 JavaThread "Unconstrained build operations Thread 14" [_thread_blocked, id=11172, stack(0x0000009193400000,0x0000009193500000)]
  0x000001a6e4d16a60 JavaThread "Unconstrained build operations Thread 15" [_thread_blocked, id=4728, stack(0x0000009193500000,0x0000009193600000)]
  0x000001a6e4d178d0 JavaThread "Memory manager" [_thread_blocked, id=9924, stack(0x0000009193600000,0x0000009193700000)]
  0x000001a6e4d13570 JavaThread "build event listener" [_thread_blocked, id=11144, stack(0x0000009193700000,0x0000009193800000)]
  0x000001a6e4d12bd0 JavaThread "ForkJoinPool.commonPool-worker-1" daemon [_thread_blocked, id=6320, stack(0x0000009193800000,0x0000009193900000)]
  0x000001a6e4d13f10 JavaThread "ForkJoinPool.commonPool-worker-2" daemon [_thread_blocked, id=10772, stack(0x0000009193900000,0x0000009193a00000)]
  0x000001a6e4d15250 JavaThread "ForkJoinPool.commonPool-worker-3" daemon [_thread_blocked, id=12544, stack(0x0000009193a00000,0x0000009193b00000)]
  0x000001a6e4d15720 JavaThread "Exec process" [_thread_blocked, id=8704, stack(0x0000009193b00000,0x0000009193c00000)]
  0x000001a6e4d113c0 JavaThread "Exec process Thread 2" [_thread_blocked, id=12668, stack(0x0000009193c00000,0x0000009193d00000)]
  0x000001a6e4d160c0 JavaThread "Exec process Thread 3" [_thread_blocked, id=11652, stack(0x0000009193d00000,0x0000009193e00000)]
  0x000001a6e4d10080 JavaThread "included builds" [_thread_blocked, id=8628, stack(0x000000918f600000,0x000000918f700000)]
  0x000001a6e4d10550 JavaThread "Execution worker" [_thread_blocked, id=2304, stack(0x0000009191c00000,0x0000009191d00000)]
  0x000001a6e4d10ef0 JavaThread "Execution worker Thread 2" [_thread_blocked, id=11636, stack(0x0000009193e00000,0x0000009193f00000)]
  0x000001a6e3f9a050 JavaThread "Execution worker Thread 3" [_thread_blocked, id=5884, stack(0x0000009193f00000,0x0000009194000000)]
  0x000001a6e3f98d10 JavaThread "Cache worker for execution history cache (C:\Users\aanan\Desktop\BlogApp\node_modules\@react-native\gradle-plugin\.gradle\8.8\executionHistory)" [_thread_blocked, id=13104, stack(0x0000009194000000,0x0000009194100000)]
  0x000001a6e3f9e880 JavaThread "Unconstrained build operations Thread 16" [_thread_blocked, id=3592, stack(0x0000009194100000,0x0000009194200000)]
  0x000001a6e3f98370 JavaThread "Unconstrained build operations Thread 17" [_thread_blocked, id=2724, stack(0x0000009194200000,0x0000009194300000)]
  0x000001a6e3f9d070 JavaThread "Unconstrained build operations Thread 18" [_thread_blocked, id=12436, stack(0x0000009194300000,0x0000009194400000)]
  0x000001a6e3f99b80 JavaThread "Unconstrained build operations Thread 19" [_thread_blocked, id=1108, stack(0x0000009194400000,0x0000009194500000)]
  0x000001a6e3f9a9f0 JavaThread "Unconstrained build operations Thread 20" [_thread_blocked, id=9904, stack(0x0000009194500000,0x0000009194600000)]
  0x000001a6e3f9da10 JavaThread "Unconstrained build operations Thread 21" [_thread_blocked, id=4476, stack(0x0000009194600000,0x0000009194700000)]
  0x000001a6e3f97500 JavaThread "Unconstrained build operations Thread 22" [_thread_blocked, id=8012, stack(0x0000009194700000,0x0000009194800000)]
  0x000001a6e3f9c200 JavaThread "Unconstrained build operations Thread 23" [_thread_blocked, id=9004, stack(0x0000009194800000,0x0000009194900000)]
  0x000001a6e3f996b0 JavaThread "Unconstrained build operations Thread 24" [_thread_blocked, id=5392, stack(0x0000009194900000,0x0000009194a00000)]
  0x000001a6e3f97ea0 JavaThread "Unconstrained build operations Thread 25" [_thread_blocked, id=11596, stack(0x0000009194a00000,0x0000009194b00000)]
  0x000001a6e3f9b390 JavaThread "Unconstrained build operations Thread 26" [_thread_blocked, id=7588, stack(0x0000009194b00000,0x0000009194c00000)]
  0x000001a6e3f9b860 JavaThread "Unconstrained build operations Thread 27" [_thread_blocked, id=12852, stack(0x0000009194c00000,0x0000009194d00000)]
  0x000001a6e3f9dee0 JavaThread "Unconstrained build operations Thread 28" [_thread_blocked, id=12412, stack(0x0000009194d00000,0x0000009194e00000)]
  0x000001a6e3f9a520 JavaThread "Unconstrained build operations Thread 29" [_thread_blocked, id=12764, stack(0x0000009194e00000,0x0000009194f00000)]
  0x000001a6e3f9bd30 JavaThread "Unconstrained build operations Thread 30" [_thread_blocked, id=11868, stack(0x0000009194f00000,0x0000009195000000)]
  0x000001a6e3f991e0 JavaThread "Unconstrained build operations Thread 31" [_thread_blocked, id=11288, stack(0x0000009195000000,0x0000009195100000)]
  0x000001a6e3f9c6d0 JavaThread "Unconstrained build operations Thread 32" [_thread_blocked, id=3508, stack(0x0000009195100000,0x0000009195200000)]
  0x000001a6e3f9cba0 JavaThread "Unconstrained build operations Thread 33" [_thread_blocked, id=7780, stack(0x0000009195200000,0x0000009195300000)]
  0x000001a6e3f9aec0 JavaThread "Unconstrained build operations Thread 34" [_thread_blocked, id=11644, stack(0x0000009195300000,0x0000009195400000)]
  0x000001a6e3f9e3b0 JavaThread "Unconstrained build operations Thread 35" [_thread_blocked, id=952, stack(0x0000009195400000,0x0000009195500000)]
  0x000001a6e3f979d0 JavaThread "Unconstrained build operations Thread 36" [_thread_blocked, id=1760, stack(0x0000009195500000,0x0000009195600000)]
  0x000001a6e3f9d540 JavaThread "jar transforms Thread 2" [_thread_blocked, id=3296, stack(0x0000009195600000,0x0000009195700000)]
  0x000001a6e3f97030 JavaThread "Cache worker for Build Output Cleanup Cache (C:\Users\aanan\Desktop\BlogApp\android\.gradle\buildOutputCleanup)" [_thread_blocked, id=9932, stack(0x0000009195700000,0x0000009195800000)]
  0x000001a6e40cef90 JavaThread "jar transforms Thread 3" [_thread_blocked, id=540, stack(0x0000009195800000,0x0000009195900000)]
  0x000001a6e40cfe00 JavaThread "Unconstrained build operations Thread 37" [_thread_blocked, id=11748, stack(0x0000009195900000,0x0000009195a00000)]
  0x000001a6e40cdc50 JavaThread "Unconstrained build operations Thread 38" [_thread_blocked, id=9252, stack(0x0000009195a00000,0x0000009195b00000)]
  0x000001a6e40ce120 JavaThread "Unconstrained build operations Thread 39" [_thread_blocked, id=632, stack(0x0000009195b00000,0x0000009195c00000)]
  0x000001a6e40cf460 JavaThread "Unconstrained build operations Thread 40" [_thread_blocked, id=7964, stack(0x0000009195c00000,0x0000009195d00000)]

Other Threads:
=>0x000001a6e08280f0 VMThread "VM Thread" [stack: 0x000000918ff00000,0x0000009190000000] [id=1460]
  0x000001a6e15c3e20 WatcherThread [stack: 0x0000009190b00000,0x0000009190c00000] [id=4012]
  0x000001a6c2fc9e60 GCTaskThread "GC Thread#0" [stack: 0x000000918fa00000,0x000000918fb00000] [id=12676]
  0x000001a6e15e9df0 GCTaskThread "GC Thread#1" [stack: 0x0000009190c00000,0x0000009190d00000] [id=9672]
  0x000001a6e16075e0 GCTaskThread "GC Thread#2" [stack: 0x0000009190d00000,0x0000009190e00000] [id=7208]
  0x000001a6e1ec6950 GCTaskThread "GC Thread#3" [stack: 0x0000009190f00000,0x0000009191000000] [id=9980]
  0x000001a6c2fdacb0 ConcurrentGCThread "G1 Main Marker" [stack: 0x000000918fb00000,0x000000918fc00000] [id=9088]
  0x000001a6c2fdb5d0 ConcurrentGCThread "G1 Conc#0" [stack: 0x000000918fc00000,0x000000918fd00000] [id=2116]
  0x000001a6c303bd40 ConcurrentGCThread "G1 Refine#0" [stack: 0x000000918fd00000,0x000000918fe00000] [id=10244]
  0x000001a6e430de70 ConcurrentGCThread "G1 Refine#1" [stack: 0x0000009192500000,0x0000009192600000] [id=10668]
  0x000001a6c303c670 ConcurrentGCThread "G1 Service" [stack: 0x000000918fe00000,0x000000918ff00000] [id=11992]

Threads with active compile tasks:
C2 CompilerThread0    33958 10383       4       java.util.stream.ReferencePipeline::map (26 bytes)
C1 CompilerThread0    33958 10389   !   3       org.gradle.api.internal.artifacts.transform.TransformExecutionResultSerializer::readResultsFile (160 bytes)

VM state: at safepoint (normal execution)

VM Mutex/Monitor currently owned by a thread:  ([mutex/lock_event])
[0x000001a6c2f861f0] Threads_lock - owner thread: 0x000001a6e08280f0
[0x000001a6c2f87090] Heap_lock - owner thread: 0x000001a6e2962260

Heap address: 0x0000000080000000, size: 2048 MB, Compressed Oops mode: 32-bit

CDS archive(s) mapped at: [0x0000000800000000-0x0000000800bc0000-0x0000000800bc0000), size 12320768, SharedBaseAddress: 0x0000000800000000, ArchiveRelocationMode: 0.
Compressed class space mapped at: 0x0000000800c00000-0x000000081a800000, reserved size: 432013312
Narrow klass base: 0x0000000800000000, Narrow klass shift: 0, Narrow klass range: 0x100000000

GC Precious Log:
 CPUs: 4 total, 4 available
 Memory: 6024M
 Large Page Support: Disabled
 NUMA Support: Disabled
 Compressed Oops: Enabled (32-bit)
 Heap Region Size: 1M
 Heap Min Capacity: 8M
 Heap Initial Capacity: 96M
 Heap Max Capacity: 2G
 Pre-touch: Disabled
 Parallel Workers: 4
 Concurrent Workers: 1
 Concurrent Refinement Workers: 4
 Periodic GC: Disabled

Heap:
 garbage-first heap   total 147456K, used 85238K [0x0000000080000000, 0x0000000100000000)
  region size 1024K, 4 young (4096K), 4 survivors (4096K)
 Metaspace       used 70009K, committed 70784K, reserved 487424K
  class space    used 9939K, committed 10304K, reserved 421888K

Heap Regions: E=young(eden), S=young(survivor), O=old, HS=humongous(starts), HC=humongous(continues), CS=collection set, F=free, OA=open archive, CA=closed archive, TAMS=top-at-mark-start (previous, next)
|   0|0x0000000080000000, 0x0000000080100000, 0x0000000080100000|100%|HS|  |TAMS 0x0000000080100000, 0x0000000080100000| Complete 
|   1|0x0000000080100000, 0x0000000080200000, 0x0000000080200000|100%|HC|  |TAMS 0x0000000080200000, 0x0000000080200000| Complete 
|   2|0x0000000080200000, 0x0000000080300000, 0x0000000080300000|100%|HC|  |TAMS 0x0000000080300000, 0x0000000080300000| Complete 
|   3|0x0000000080300000, 0x0000000080400000, 0x0000000080400000|100%|HC|  |TAMS 0x0000000080400000, 0x0000000080400000| Complete 
|   4|0x0000000080400000, 0x0000000080500000, 0x0000000080500000|100%| O|  |TAMS 0x0000000080500000, 0x0000000080500000| Untracked 
|   5|0x0000000080500000, 0x0000000080600000, 0x0000000080600000|100%| O|  |TAMS 0x0000000080600000, 0x0000000080600000| Untracked 
|   6|0x0000000080600000, 0x0000000080700000, 0x0000000080700000|100%| O|  |TAMS 0x0000000080700000, 0x0000000080700000| Untracked 
|   7|0x0000000080700000, 0x0000000080800000, 0x0000000080800000|100%| O|  |TAMS 0x0000000080800000, 0x0000000080800000| Untracked 
|   8|0x0000000080800000, 0x0000000080900000, 0x0000000080900000|100%| O|  |TAMS 0x0000000080900000, 0x0000000080900000| Untracked 
|   9|0x0000000080900000, 0x0000000080a00000, 0x0000000080a00000|100%| O|  |TAMS 0x0000000080a00000, 0x0000000080a00000| Untracked 
|  10|0x0000000080a00000, 0x0000000080b00000, 0x0000000080b00000|100%| O|  |TAMS 0x0000000080b00000, 0x0000000080b00000| Untracked 
|  11|0x0000000080b00000, 0x0000000080c00000, 0x0000000080c00000|100%|HS|  |TAMS 0x0000000080c00000, 0x0000000080c00000| Complete 
|  12|0x0000000080c00000, 0x0000000080d00000, 0x0000000080d00000|100%| O|  |TAMS 0x0000000080d00000, 0x0000000080d00000| Untracked 
|  13|0x0000000080d00000, 0x0000000080e00000, 0x0000000080e00000|100%| O|  |TAMS 0x0000000080e00000, 0x0000000080e00000| Untracked 
|  14|0x0000000080e00000, 0x0000000080f00000, 0x0000000080f00000|100%| O|  |TAMS 0x0000000080f00000, 0x0000000080f00000| Untracked 
|  15|0x0000000080f00000, 0x0000000081000000, 0x0000000081000000|100%| O|  |TAMS 0x0000000081000000, 0x0000000081000000| Untracked 
|  16|0x0000000081000000, 0x0000000081100000, 0x0000000081100000|100%| O|  |TAMS 0x0000000081100000, 0x0000000081100000| Untracked 
|  17|0x0000000081100000, 0x0000000081200000, 0x0000000081200000|100%| O|  |TAMS 0x0000000081200000, 0x0000000081200000| Untracked 
|  18|0x0000000081200000, 0x0000000081300000, 0x0000000081300000|100%| O|  |TAMS 0x0000000081300000, 0x0000000081300000| Untracked 
|  19|0x0000000081300000, 0x00000000813d3a00, 0x0000000081400000| 82%| O|  |TAMS 0x00000000813d3a00, 0x00000000813d3a00| Untracked 
|  20|0x0000000081400000, 0x0000000081500000, 0x0000000081500000|100%| O|  |TAMS 0x0000000081500000, 0x0000000081500000| Untracked 
|  21|0x0000000081500000, 0x0000000081600000, 0x0000000081600000|100%| O|  |TAMS 0x0000000081600000, 0x0000000081600000| Untracked 
|  22|0x0000000081600000, 0x0000000081700000, 0x0000000081700000|100%| O|  |TAMS 0x0000000081700000, 0x0000000081700000| Untracked 
|  23|0x0000000081700000, 0x0000000081800000, 0x0000000081800000|100%| O|  |TAMS 0x0000000081800000, 0x0000000081800000| Untracked 
|  24|0x0000000081800000, 0x0000000081900000, 0x0000000081900000|100%| O|  |TAMS 0x0000000081900000, 0x0000000081900000| Untracked 
|  25|0x0000000081900000, 0x0000000081a00000, 0x0000000081a00000|100%| O|  |TAMS 0x0000000081a00000, 0x0000000081a00000| Untracked 
|  26|0x0000000081a00000, 0x0000000081b00000, 0x0000000081b00000|100%| O|  |TAMS 0x0000000081b00000, 0x0000000081b00000| Untracked 
|  27|0x0000000081b00000, 0x0000000081c00000, 0x0000000081c00000|100%| O|  |TAMS 0x0000000081c00000, 0x0000000081c00000| Untracked 
|  28|0x0000000081c00000, 0x0000000081d00000, 0x0000000081d00000|100%| O|  |TAMS 0x0000000081d00000, 0x0000000081d00000| Untracked 
|  29|0x0000000081d00000, 0x0000000081e00000, 0x0000000081e00000|100%| O|  |TAMS 0x0000000081e00000, 0x0000000081e00000| Untracked 
|  30|0x0000000081e00000, 0x0000000081f00000, 0x0000000081f00000|100%| O|  |TAMS 0x0000000081f00000, 0x0000000081f00000| Untracked 
|  31|0x0000000081f00000, 0x0000000082000000, 0x0000000082000000|100%| O|  |TAMS 0x0000000082000000, 0x0000000082000000| Untracked 
|  32|0x0000000082000000, 0x0000000082100000, 0x0000000082100000|100%| O|  |TAMS 0x0000000082100000, 0x0000000082100000| Untracked 
|  33|0x0000000082100000, 0x0000000082200000, 0x0000000082200000|100%| O|  |TAMS 0x0000000082200000, 0x0000000082200000| Untracked 
|  34|0x0000000082200000, 0x0000000082300000, 0x0000000082300000|100%| O|  |TAMS 0x0000000082300000, 0x0000000082300000| Untracked 
|  35|0x0000000082300000, 0x0000000082400000, 0x0000000082400000|100%| O|  |TAMS 0x0000000082400000, 0x0000000082400000| Untracked 
|  36|0x0000000082400000, 0x0000000082500000, 0x0000000082500000|100%| O|  |TAMS 0x0000000082500000, 0x0000000082500000| Untracked 
|  37|0x0000000082500000, 0x0000000082600000, 0x0000000082600000|100%|HS|  |TAMS 0x0000000082600000, 0x0000000082600000| Complete 
|  38|0x0000000082600000, 0x0000000082700000, 0x0000000082700000|100%|HC|  |TAMS 0x0000000082700000, 0x0000000082700000| Complete 
|  39|0x0000000082700000, 0x0000000082800000, 0x0000000082800000|100%|HS|  |TAMS 0x0000000082800000, 0x0000000082800000| Complete 
|  40|0x0000000082800000, 0x0000000082900000, 0x0000000082900000|100%|HC|  |TAMS 0x0000000082900000, 0x0000000082900000| Complete 
|  41|0x0000000082900000, 0x0000000082a00000, 0x0000000082a00000|100%|HS|  |TAMS 0x0000000082a00000, 0x0000000082a00000| Complete 
|  42|0x0000000082a00000, 0x0000000082b00000, 0x0000000082b00000|100%|HC|  |TAMS 0x0000000082b00000, 0x0000000082b00000| Complete 
|  43|0x0000000082b00000, 0x0000000082c00000, 0x0000000082c00000|100%|HC|  |TAMS 0x0000000082c00000, 0x0000000082c00000| Complete 
|  44|0x0000000082c00000, 0x0000000082d00000, 0x0000000082d00000|100%|HC|  |TAMS 0x0000000082d00000, 0x0000000082d00000| Complete 
|  45|0x0000000082d00000, 0x0000000082e00000, 0x0000000082e00000|100%| O|  |TAMS 0x0000000082e00000, 0x0000000082e00000| Untracked 
|  46|0x0000000082e00000, 0x0000000082f00000, 0x0000000082f00000|100%| O|  |TAMS 0x0000000082f00000, 0x0000000082f00000| Untracked 
|  47|0x0000000082f00000, 0x0000000083000000, 0x0000000083000000|100%| O|  |TAMS 0x0000000083000000, 0x0000000083000000| Untracked 
|  48|0x0000000083000000, 0x0000000083100000, 0x0000000083100000|100%| O|  |TAMS 0x0000000083100000, 0x0000000083100000| Untracked 
|  49|0x0000000083100000, 0x0000000083200000, 0x0000000083200000|100%| O|  |TAMS 0x0000000083200000, 0x0000000083200000| Untracked 
|  50|0x0000000083200000, 0x0000000083200000, 0x0000000083300000|  0%| F|  |TAMS 0x0000000083200000, 0x0000000083200000| Untracked 
|  51|0x0000000083300000, 0x0000000083400000, 0x0000000083400000|100%| O|  |TAMS 0x0000000083300000, 0x0000000083400000| Untracked 
|  52|0x0000000083400000, 0x0000000083500000, 0x0000000083500000|100%|HS|  |TAMS 0x0000000083500000, 0x0000000083500000| Complete 
|  53|0x0000000083500000, 0x0000000083600000, 0x0000000083600000|100%|HC|  |TAMS 0x0000000083600000, 0x0000000083600000| Complete 
|  54|0x0000000083600000, 0x0000000083700000, 0x0000000083700000|100%|HC|  |TAMS 0x0000000083700000, 0x0000000083700000| Complete 
|  55|0x0000000083700000, 0x0000000083800000, 0x0000000083800000|100%|HC|  |TAMS 0x0000000083800000, 0x0000000083800000| Complete 
|  56|0x0000000083800000, 0x0000000083900000, 0x0000000083900000|100%| O|  |TAMS 0x0000000083900000, 0x0000000083900000| Untracked 
|  57|0x0000000083900000, 0x0000000083a00000, 0x0000000083a00000|100%| O|  |TAMS 0x0000000083a00000, 0x0000000083a00000| Untracked 
|  58|0x0000000083a00000, 0x0000000083b00000, 0x0000000083b00000|100%| O|  |TAMS 0x0000000083b00000, 0x0000000083b00000| Untracked 
|  59|0x0000000083b00000, 0x0000000083c00000, 0x0000000083c00000|100%| O|  |TAMS 0x0000000083c00000, 0x0000000083c00000| Untracked 
|  60|0x0000000083c00000, 0x0000000083d00000, 0x0000000083d00000|100%| O|  |TAMS 0x0000000083d00000, 0x0000000083d00000| Untracked 
|  61|0x0000000083d00000, 0x0000000083e00000, 0x0000000083e00000|100%| O|  |TAMS 0x0000000083e00000, 0x0000000083e00000| Untracked 
|  62|0x0000000083e00000, 0x0000000083f00000, 0x0000000083f00000|100%| O|  |TAMS 0x0000000083f00000, 0x0000000083f00000| Untracked 
|  63|0x0000000083f00000, 0x0000000084000000, 0x0000000084000000|100%| O|  |TAMS 0x0000000084000000, 0x0000000084000000| Untracked 
|  64|0x0000000084000000, 0x0000000084100000, 0x0000000084100000|100%| O|  |TAMS 0x0000000084100000, 0x0000000084100000| Untracked 
|  65|0x0000000084100000, 0x0000000084200000, 0x0000000084200000|100%| O|  |TAMS 0x0000000084200000, 0x0000000084200000| Untracked 
|  66|0x0000000084200000, 0x0000000084300000, 0x0000000084300000|100%| O|  |TAMS 0x0000000084300000, 0x0000000084300000| Untracked 
|  67|0x0000000084300000, 0x0000000084400000, 0x0000000084400000|100%| O|  |TAMS 0x0000000084400000, 0x0000000084400000| Untracked 
|  68|0x0000000084400000, 0x0000000084400000, 0x0000000084500000|  0%| F|  |TAMS 0x0000000084400000, 0x0000000084400000| Untracked 
|  69|0x0000000084500000, 0x0000000084600000, 0x0000000084600000|100%| O|  |TAMS 0x0000000084600000, 0x0000000084600000| Untracked 
|  70|0x0000000084600000, 0x0000000084700000, 0x0000000084700000|100%| O|  |TAMS 0x0000000084700000, 0x0000000084700000| Untracked 
|  71|0x0000000084700000, 0x0000000084800000, 0x0000000084800000|100%| O|  |TAMS 0x0000000084800000, 0x0000000084800000| Untracked 
|  72|0x0000000084800000, 0x0000000084900000, 0x0000000084900000|100%| O|  |TAMS 0x00000000848eb200, 0x0000000084900000| Untracked 
|  73|0x0000000084900000, 0x0000000084a00000, 0x0000000084a00000|100%| O|  |TAMS 0x0000000084900000, 0x0000000084a00000| Untracked 
|  74|0x0000000084a00000, 0x0000000084b00000, 0x0000000084b00000|100%| O|  |TAMS 0x0000000084a00000, 0x0000000084b00000| Untracked 
|  75|0x0000000084b00000, 0x0000000084c00000, 0x0000000084c00000|100%| O|  |TAMS 0x0000000084b00000, 0x0000000084c00000| Untracked 
|  76|0x0000000084c00000, 0x0000000084d00000, 0x0000000084d00000|100%| O|  |TAMS 0x0000000084c00000, 0x0000000084d00000| Untracked 
|  77|0x0000000084d00000, 0x0000000084e00000, 0x0000000084e00000|100%| O|  |TAMS 0x0000000084d00000, 0x0000000084e00000| Untracked 
|  78|0x0000000084e00000, 0x0000000084f00000, 0x0000000084f00000|100%| O|  |TAMS 0x0000000084e00000, 0x0000000084f00000| Untracked 
|  79|0x0000000084f00000, 0x0000000085000000, 0x0000000085000000|100%| O|  |TAMS 0x0000000084f00000, 0x0000000085000000| Untracked 
|  80|0x0000000085000000, 0x0000000085100000, 0x0000000085100000|100%| O|  |TAMS 0x0000000085000000, 0x0000000085100000| Untracked 
|  81|0x0000000085100000, 0x00000000851dc400, 0x0000000085200000| 86%| O|  |TAMS 0x0000000085100000, 0x00000000851dc400| Untracked 
|  82|0x0000000085200000, 0x0000000085200000, 0x0000000085300000|  0%| F|  |TAMS 0x0000000085200000, 0x0000000085200000| Untracked 
|  83|0x0000000085300000, 0x0000000085300000, 0x0000000085400000|  0%| F|  |TAMS 0x0000000085300000, 0x0000000085300000| Untracked 
|  84|0x0000000085400000, 0x0000000085400000, 0x0000000085500000|  0%| F|  |TAMS 0x0000000085400000, 0x0000000085400000| Untracked 
|  85|0x0000000085500000, 0x0000000085500000, 0x0000000085600000|  0%| F|  |TAMS 0x0000000085500000, 0x0000000085500000| Untracked 
|  86|0x0000000085600000, 0x0000000085600000, 0x0000000085700000|  0%| F|  |TAMS 0x0000000085600000, 0x0000000085600000| Untracked 
|  87|0x0000000085700000, 0x0000000085700000, 0x0000000085800000|  0%| F|  |TAMS 0x0000000085700000, 0x0000000085700000| Untracked 
|  88|0x0000000085800000, 0x0000000085800000, 0x0000000085900000|  0%| F|  |TAMS 0x0000000085800000, 0x0000000085800000| Untracked 
|  89|0x0000000085900000, 0x0000000085900000, 0x0000000085a00000|  0%| F|  |TAMS 0x0000000085900000, 0x0000000085900000| Untracked 
|  90|0x0000000085a00000, 0x0000000085a00000, 0x0000000085b00000|  0%| F|  |TAMS 0x0000000085a00000, 0x0000000085a00000| Untracked 
|  91|0x0000000085b00000, 0x0000000085b00000, 0x0000000085c00000|  0%| F|  |TAMS 0x0000000085b00000, 0x0000000085b00000| Untracked 
|  92|0x0000000085c00000, 0x0000000085c00000, 0x0000000085d00000|  0%| F|  |TAMS 0x0000000085c00000, 0x0000000085c00000| Untracked 
|  93|0x0000000085d00000, 0x0000000085d00000, 0x0000000085e00000|  0%| F|  |TAMS 0x0000000085d00000, 0x0000000085d00000| Untracked 
|  94|0x0000000085e00000, 0x0000000085e00000, 0x0000000085f00000|  0%| F|  |TAMS 0x0000000085e00000, 0x0000000085e00000| Untracked 
|  95|0x0000000085f00000, 0x0000000085f00000, 0x0000000086000000|  0%| F|  |TAMS 0x0000000085f00000, 0x0000000085f00000| Untracked 
|  96|0x0000000086000000, 0x0000000086000000, 0x0000000086100000|  0%| F|  |TAMS 0x0000000086000000, 0x0000000086000000| Untracked 
|  97|0x0000000086100000, 0x0000000086100000, 0x0000000086200000|  0%| F|  |TAMS 0x0000000086100000, 0x0000000086100000| Untracked 
|  98|0x0000000086200000, 0x0000000086200000, 0x0000000086300000|  0%| F|  |TAMS 0x0000000086200000, 0x0000000086200000| Untracked 
|  99|0x0000000086300000, 0x0000000086300000, 0x0000000086400000|  0%| F|  |TAMS 0x0000000086300000, 0x0000000086300000| Untracked 
| 100|0x0000000086400000, 0x0000000086400000, 0x0000000086500000|  0%| F|  |TAMS 0x0000000086400000, 0x0000000086400000| Untracked 
| 101|0x0000000086500000, 0x0000000086500000, 0x0000000086600000|  0%| F|  |TAMS 0x0000000086500000, 0x0000000086500000| Untracked 
| 102|0x0000000086600000, 0x0000000086600000, 0x0000000086700000|  0%| F|  |TAMS 0x0000000086600000, 0x0000000086600000| Untracked 
| 103|0x0000000086700000, 0x0000000086700000, 0x0000000086800000|  0%| F|  |TAMS 0x0000000086700000, 0x0000000086700000| Untracked 
| 104|0x0000000086800000, 0x000000008688dd00, 0x0000000086900000| 55%| S|CS|TAMS 0x0000000086800000, 0x0000000086800000| Complete 
| 105|0x0000000086900000, 0x0000000086a00000, 0x0000000086a00000|100%| S|CS|TAMS 0x0000000086900000, 0x0000000086900000| Complete 
| 106|0x0000000086a00000, 0x0000000086b00000, 0x0000000086b00000|100%| S|CS|TAMS 0x0000000086a00000, 0x0000000086a00000| Complete 
| 107|0x0000000086b00000, 0x0000000086c00000, 0x0000000086c00000|100%| S|CS|TAMS 0x0000000086b00000, 0x0000000086b00000| Complete 
| 108|0x0000000086c00000, 0x0000000086c00000, 0x0000000086d00000|  0%| F|  |TAMS 0x0000000086c00000, 0x0000000086c00000| Untracked 
| 109|0x0000000086d00000, 0x0000000086d00000, 0x0000000086e00000|  0%| F|  |TAMS 0x0000000086d00000, 0x0000000086d00000| Untracked 
| 110|0x0000000086e00000, 0x0000000086e00000, 0x0000000086f00000|  0%| F|  |TAMS 0x0000000086e00000, 0x0000000086e00000| Untracked 
| 111|0x0000000086f00000, 0x0000000086f00000, 0x0000000087000000|  0%| F|  |TAMS 0x0000000086f00000, 0x0000000086f00000| Untracked 
| 112|0x0000000087000000, 0x0000000087000000, 0x0000000087100000|  0%| F|  |TAMS 0x0000000087000000, 0x0000000087000000| Untracked 
| 113|0x0000000087100000, 0x0000000087100000, 0x0000000087200000|  0%| F|  |TAMS 0x0000000087100000, 0x0000000087100000| Untracked 
| 114|0x0000000087200000, 0x0000000087200000, 0x0000000087300000|  0%| F|  |TAMS 0x0000000087200000, 0x0000000087200000| Untracked 
| 115|0x0000000087300000, 0x0000000087300000, 0x0000000087400000|  0%| F|  |TAMS 0x0000000087300000, 0x0000000087300000| Untracked 
| 116|0x0000000087400000, 0x0000000087400000, 0x0000000087500000|  0%| F|  |TAMS 0x0000000087400000, 0x0000000087400000| Untracked 
| 117|0x0000000087500000, 0x0000000087500000, 0x0000000087600000|  0%| F|  |TAMS 0x0000000087500000, 0x0000000087500000| Untracked 
| 118|0x0000000087600000, 0x0000000087600000, 0x0000000087700000|  0%| F|  |TAMS 0x0000000087600000, 0x0000000087600000| Untracked 
| 119|0x0000000087700000, 0x0000000087700000, 0x0000000087800000|  0%| F|  |TAMS 0x0000000087700000, 0x0000000087700000| Untracked 
| 120|0x0000000087800000, 0x0000000087800000, 0x0000000087900000|  0%| F|  |TAMS 0x0000000087800000, 0x0000000087800000| Untracked 
| 121|0x0000000087900000, 0x0000000087900000, 0x0000000087a00000|  0%| F|  |TAMS 0x0000000087900000, 0x0000000087900000| Untracked 
| 122|0x0000000087a00000, 0x0000000087a00000, 0x0000000087b00000|  0%| F|  |TAMS 0x0000000087a00000, 0x0000000087a00000| Untracked 
| 123|0x0000000087b00000, 0x0000000087b00000, 0x0000000087c00000|  0%| F|  |TAMS 0x0000000087b00000, 0x0000000087b00000| Untracked 
| 124|0x0000000087c00000, 0x0000000087c00000, 0x0000000087d00000|  0%| F|  |TAMS 0x0000000087c00000, 0x0000000087c00000| Untracked 
| 125|0x0000000087d00000, 0x0000000087d00000, 0x0000000087e00000|  0%| F|  |TAMS 0x0000000087d00000, 0x0000000087d00000| Untracked 
| 126|0x0000000087e00000, 0x0000000087e00000, 0x0000000087f00000|  0%| F|  |TAMS 0x0000000087e00000, 0x0000000087e00000| Untracked 
| 127|0x0000000087f00000, 0x0000000087f00000, 0x0000000088000000|  0%| F|  |TAMS 0x0000000087f00000, 0x0000000087f00000| Untracked 
| 128|0x0000000088000000, 0x0000000088000000, 0x0000000088100000|  0%| F|  |TAMS 0x0000000088000000, 0x0000000088000000| Untracked 
| 129|0x0000000088100000, 0x0000000088100000, 0x0000000088200000|  0%| F|  |TAMS 0x0000000088100000, 0x0000000088100000| Untracked 
| 130|0x0000000088200000, 0x0000000088200000, 0x0000000088300000|  0%| F|  |TAMS 0x0000000088200000, 0x0000000088200000| Untracked 
| 131|0x0000000088300000, 0x0000000088300000, 0x0000000088400000|  0%| F|  |TAMS 0x0000000088300000, 0x0000000088300000| Untracked 
| 132|0x0000000088400000, 0x0000000088400000, 0x0000000088500000|  0%| F|  |TAMS 0x0000000088400000, 0x0000000088400000| Untracked 
| 133|0x0000000088500000, 0x0000000088500000, 0x0000000088600000|  0%| F|  |TAMS 0x0000000088500000, 0x0000000088500000| Untracked 
| 134|0x0000000088600000, 0x0000000088600000, 0x0000000088700000|  0%| F|  |TAMS 0x0000000088600000, 0x0000000088600000| Untracked 
| 135|0x0000000088700000, 0x0000000088700000, 0x0000000088800000|  0%| F|  |TAMS 0x0000000088700000, 0x0000000088700000| Untracked 
| 136|0x0000000088800000, 0x0000000088800000, 0x0000000088900000|  0%| F|  |TAMS 0x0000000088800000, 0x0000000088800000| Untracked 
| 137|0x0000000088900000, 0x0000000088900000, 0x0000000088a00000|  0%| F|  |TAMS 0x0000000088900000, 0x0000000088900000| Untracked 
| 138|0x0000000088a00000, 0x0000000088a00000, 0x0000000088b00000|  0%| F|  |TAMS 0x0000000088a00000, 0x0000000088a00000| Untracked 
| 139|0x0000000088b00000, 0x0000000088b00000, 0x0000000088c00000|  0%| F|  |TAMS 0x0000000088b00000, 0x0000000088b00000| Untracked 
| 140|0x0000000088c00000, 0x0000000088c00000, 0x0000000088d00000|  0%| F|  |TAMS 0x0000000088c00000, 0x0000000088c00000| Untracked 
| 141|0x0000000088d00000, 0x0000000088d00000, 0x0000000088e00000|  0%| F|  |TAMS 0x0000000088d00000, 0x0000000088d00000| Untracked 
| 142|0x0000000088e00000, 0x0000000088e00000, 0x0000000088f00000|  0%| F|  |TAMS 0x0000000088e00000, 0x0000000088e00000| Untracked 
| 143|0x0000000088f00000, 0x0000000088f00000, 0x0000000089000000|  0%| F|  |TAMS 0x0000000088f00000, 0x0000000088f00000| Untracked 

Card table byte_map: [0x000001a6d9bd0000,0x000001a6d9fd0000] _byte_map_base: 0x000001a6d97d0000

Marking Bits (Prev, Next): (CMBitMap*) 0x000001a6c2fca380, (CMBitMap*) 0x000001a6c2fca3c0
 Prev Bits: [0x000001a6da3d0000, 0x000001a6dc3d0000)
 Next Bits: [0x000001a6dc3d0000, 0x000001a6de3d0000)

Polling page: 0x000001a6c2760000

Metaspace:

Usage:
  Non-class:     58.66 MB used.
      Class:      9.71 MB used.
       Both:     68.37 MB used.

Virtual space:
  Non-class space:       64.00 MB reserved,      59.06 MB ( 92%) committed,  8 nodes.
      Class space:      412.00 MB reserved,      10.06 MB (  2%) committed,  1 nodes.
             Both:      476.00 MB reserved,      69.12 MB ( 15%) committed. 

Chunk freelists:
   Non-Class:  256.00 KB
       Class:  1.95 MB
        Both:  2.20 MB

MaxMetaspaceSize: 512.00 MB
CompressedClassSpaceSize: 412.00 MB
Initial GC threshold: 21.00 MB
Current GC threshold: 113.44 MB
CDS: on
MetaspaceReclaimPolicy: balanced
 - commit_granule_bytes: 65536.
 - commit_granule_words: 8192.
 - virtual_space_node_default_size: 1048576.
 - enlarge_chunks_in_place: 1.
 - new_chunks_are_fully_committed: 0.
 - uncommit_free_chunks: 1.
 - use_allocation_guard: 0.
 - handle_deallocations: 1.


Internal statistics:

num_allocs_failed_limit: 6.
num_arena_births: 1030.
num_arena_deaths: 0.
num_vsnodes_births: 9.
num_vsnodes_deaths: 0.
num_space_committed: 1106.
num_space_uncommitted: 0.
num_chunks_returned_to_freelist: 6.
num_chunks_taken_from_freelist: 4087.
num_chunk_merges: 6.
num_chunk_splits: 2608.
num_chunks_enlarged: 1647.
num_purges: 0.
num_inconsistent_stats: 0.

CodeHeap 'non-profiled nmethods': size=120000Kb used=4846Kb max_used=4846Kb free=115153Kb
 bounds [0x000001a6d22a0000, 0x000001a6d2760000, 0x000001a6d97d0000]
CodeHeap 'profiled nmethods': size=120000Kb used=18669Kb max_used=18669Kb free=101330Kb
 bounds [0x000001a6cad70000, 0x000001a6cbfb0000, 0x000001a6d22a0000]
CodeHeap 'non-nmethods': size=5760Kb used=2373Kb max_used=2433Kb free=3387Kb
 bounds [0x000001a6ca7d0000, 0x000001a6caa40000, 0x000001a6cad70000]
 total_blobs=10490 nmethods=9592 adapters=808
 compilation: enabled
              stopped_count=0, restarted_count=0
 full_count=0

Compilation events (20 events):
Event: 33.803 Thread 0x000001a6e084d770 nmethod 10376 0x000001a6cbfa4910 code [0x000001a6cbfa4ba0, 0x000001a6cbfa5988]
Event: 33.808 Thread 0x000001a6e084d770 10379       3       com.google.common.collect.RegularImmutableSortedSet::createAsList (28 bytes)
Event: 33.809 Thread 0x000001a6e084d770 nmethod 10379 0x000001a6cbfa5e10 code [0x000001a6cbfa6000, 0x000001a6cbfa6648]
Event: 33.826 Thread 0x000001a6e084d770 10380   !   3       org.gradle.api.internal.artifacts.transform.TransformingAsyncArtifactListener$TransformedArtifact::finalizeValue (168 bytes)
Event: 33.828 Thread 0x000001a6e084a9b0 nmethod 10334 0x000001a6d2757a10 code [0x000001a6d2757c80, 0x000001a6d2759730]
Event: 33.828 Thread 0x000001a6e084a9b0 10370       4       java.util.Spliterator::getExactSizeIfKnown (25 bytes)
Event: 33.828 Thread 0x000001a6e084d770 nmethod 10380 0x000001a6cbfa6890 code [0x000001a6cbfa6ba0, 0x000001a6cbfa8008]
Event: 33.829 Thread 0x000001a6e084a9b0 nmethod 10370 0x000001a6d275a490 code [0x000001a6d275a620, 0x000001a6d275a6d8]
Event: 33.829 Thread 0x000001a6e084a9b0 10335       4       com.google.common.cache.LocalCache$Segment::expireEntries (113 bytes)
Event: 33.844 Thread 0x000001a6e084d770 10381       3       sun.nio.fs.WindowsSecurityDescriptor::release (75 bytes)
Event: 33.845 Thread 0x000001a6e084d770 nmethod 10381 0x000001a6cbfa8790 code [0x000001a6cbfa89c0, 0x000001a6cbfa9118]
Event: 33.858 Thread 0x000001a6e084d770 10382       3       org.gradle.internal.execution.steps.IdentityCacheStep$$Lambda$894/0x00000008011e48b0::get (24 bytes)
Event: 33.859 Thread 0x000001a6e084d770 nmethod 10382 0x000001a6cbfa9390 code [0x000001a6cbfa9540, 0x000001a6cbfa96a8]
Event: 33.866 Thread 0x000001a6e084d770 10385       3       org.gradle.internal.execution.steps.IdentityCacheStep$$Lambda$899/0x00000008011e51c0::get (16 bytes)
Event: 33.866 Thread 0x000001a6e084d770 nmethod 10385 0x000001a6cbfa9790 code [0x000001a6cbfa9940, 0x000001a6cbfa9ae8]
Event: 33.870 Thread 0x000001a6e084d770 10386       3       org.gradle.api.internal.artifacts.transform.AbstractTransformExecution::visitOutputs (78 bytes)
Event: 33.872 Thread 0x000001a6e084d770 nmethod 10386 0x000001a6cbfa9c10 code [0x000001a6cbfa9ec0, 0x000001a6cbfaaf98]
Event: 33.872 Thread 0x000001a6e084d770 10389   !   3       org.gradle.api.internal.artifacts.transform.TransformExecutionResultSerializer::readResultsFile (160 bytes)
Event: 33.872 Thread 0x000001a6e084a9b0 nmethod 10335 0x000001a6d275a790 code [0x000001a6d275a980, 0x000001a6d275b418]
Event: 33.872 Thread 0x000001a6e084a9b0 10383       4       java.util.stream.ReferencePipeline::map (26 bytes)

GC Heap History (20 events):
Event: 24.908 GC heap after
{Heap after GC invocations=19 (full 0):
 garbage-first heap   total 109568K, used 63462K [0x0000000080000000, 0x0000000100000000)
  region size 1024K, 3 young (3072K), 3 survivors (3072K)
 Metaspace       used 58880K, committed 59520K, reserved 479232K
  class space    used 8363K, committed 8640K, reserved 421888K
}
Event: 25.452 GC heap before
{Heap before GC invocations=19 (full 0):
 garbage-first heap   total 109568K, used 89062K [0x0000000080000000, 0x0000000100000000)
  region size 1024K, 29 young (29696K), 3 survivors (3072K)
 Metaspace       used 60423K, committed 60992K, reserved 479232K
  class space    used 8584K, committed 8832K, reserved 421888K
}
Event: 25.461 GC heap after
{Heap after GC invocations=20 (full 0):
 garbage-first heap   total 109568K, used 64349K [0x0000000080000000, 0x0000000100000000)
  region size 1024K, 2 young (2048K), 2 survivors (2048K)
 Metaspace       used 60423K, committed 60992K, reserved 479232K
  class space    used 8584K, committed 8832K, reserved 421888K
}
Event: 26.222 GC heap before
{Heap before GC invocations=21 (full 0):
 garbage-first heap   total 122880K, used 89949K [0x0000000080000000, 0x0000000100000000)
  region size 1024K, 28 young (28672K), 2 survivors (2048K)
 Metaspace       used 61599K, committed 62272K, reserved 479232K
  class space    used 8740K, committed 9024K, reserved 421888K
}
Event: 26.234 GC heap after
{Heap after GC invocations=22 (full 0):
 garbage-first heap   total 122880K, used 67521K [0x0000000080000000, 0x0000000100000000)
  region size 1024K, 4 young (4096K), 4 survivors (4096K)
 Metaspace       used 61599K, committed 62272K, reserved 479232K
  class space    used 8740K, committed 9024K, reserved 421888K
}
Event: 26.263 GC heap before
{Heap before GC invocations=22 (full 0):
 garbage-first heap   total 122880K, used 69569K [0x0000000080000000, 0x0000000100000000)
  region size 1024K, 6 young (6144K), 4 survivors (4096K)
 Metaspace       used 61601K, committed 62272K, reserved 479232K
  class space    used 8740K, committed 9024K, reserved 421888K
}
Event: 26.278 GC heap after
{Heap after GC invocations=23 (full 0):
 garbage-first heap   total 147456K, used 67270K [0x0000000080000000, 0x0000000100000000)
  region size 1024K, 1 young (1024K), 1 survivors (1024K)
 Metaspace       used 61601K, committed 62272K, reserved 479232K
  class space    used 8740K, committed 9024K, reserved 421888K
}
Event: 28.014 GC heap before
{Heap before GC invocations=23 (full 0):
 garbage-first heap   total 147456K, used 115398K [0x0000000080000000, 0x0000000100000000)
  region size 1024K, 48 young (49152K), 1 survivors (1024K)
 Metaspace       used 63516K, committed 64192K, reserved 479232K
  class space    used 8988K, committed 9344K, reserved 421888K
}
Event: 28.029 GC heap after
{Heap after GC invocations=24 (full 0):
 garbage-first heap   total 147456K, used 71291K [0x0000000080000000, 0x0000000100000000)
  region size 1024K, 5 young (5120K), 5 survivors (5120K)
 Metaspace       used 63516K, committed 64192K, reserved 479232K
  class space    used 8988K, committed 9344K, reserved 421888K
}
Event: 30.309 GC heap before
{Heap before GC invocations=25 (full 0):
 garbage-first heap   total 147456K, used 116347K [0x0000000080000000, 0x0000000100000000)
  region size 1024K, 49 young (50176K), 5 survivors (5120K)
 Metaspace       used 67267K, committed 68032K, reserved 487424K
  class space    used 9627K, committed 9984K, reserved 421888K
}
Event: 30.329 GC heap after
{Heap after GC invocations=26 (full 0):
 garbage-first heap   total 147456K, used 74388K [0x0000000080000000, 0x0000000100000000)
  region size 1024K, 4 young (4096K), 4 survivors (4096K)
 Metaspace       used 67267K, committed 68032K, reserved 487424K
  class space    used 9627K, committed 9984K, reserved 421888K
}
Event: 30.466 GC heap before
{Heap before GC invocations=26 (full 0):
 garbage-first heap   total 147456K, used 77460K [0x0000000080000000, 0x0000000100000000)
  region size 1024K, 7 young (7168K), 4 survivors (4096K)
 Metaspace       used 67362K, committed 68096K, reserved 487424K
  class space    used 9641K, committed 9984K, reserved 421888K
}
Event: 30.477 GC heap after
{Heap after GC invocations=27 (full 0):
 garbage-first heap   total 147456K, used 74247K [0x0000000080000000, 0x0000000100000000)
  region size 1024K, 1 young (1024K), 1 survivors (1024K)
 Metaspace       used 67362K, committed 68096K, reserved 487424K
  class space    used 9641K, committed 9984K, reserved 421888K
}
Event: 31.544 GC heap before
{Heap before GC invocations=27 (full 0):
 garbage-first heap   total 147456K, used 105991K [0x0000000080000000, 0x0000000100000000)
  region size 1024K, 33 young (33792K), 1 survivors (1024K)
 Metaspace       used 68297K, committed 68992K, reserved 487424K
  class space    used 9773K, committed 10112K, reserved 421888K
}
Event: 31.558 GC heap after
{Heap after GC invocations=28 (full 0):
 garbage-first heap   total 147456K, used 78281K [0x0000000080000000, 0x0000000100000000)
  region size 1024K, 5 young (5120K), 5 survivors (5120K)
 Metaspace       used 68297K, committed 68992K, reserved 487424K
  class space    used 9773K, committed 10112K, reserved 421888K
}
Event: 33.099 GC heap before
{Heap before GC invocations=29 (full 0):
 garbage-first heap   total 147456K, used 119241K [0x0000000080000000, 0x0000000100000000)
  region size 1024K, 44 young (45056K), 5 survivors (5120K)
 Metaspace       used 69845K, committed 70592K, reserved 487424K
  class space    used 9937K, committed 10304K, reserved 421888K
}
Event: 33.119 GC heap after
{Heap after GC invocations=30 (full 0):
 garbage-first heap   total 147456K, used 82925K [0x0000000080000000, 0x0000000100000000)
  region size 1024K, 6 young (6144K), 6 survivors (6144K)
 Metaspace       used 69845K, committed 70592K, reserved 487424K
  class space    used 9937K, committed 10304K, reserved 421888K
}
Event: 33.134 GC heap before
{Heap before GC invocations=30 (full 0):
 garbage-first heap   total 147456K, used 83949K [0x0000000080000000, 0x0000000100000000)
  region size 1024K, 7 young (7168K), 6 survivors (6144K)
 Metaspace       used 69855K, committed 70592K, reserved 487424K
  class space    used 9937K, committed 10304K, reserved 421888K
}
Event: 33.148 GC heap after
{Heap after GC invocations=31 (full 0):
 garbage-first heap   total 147456K, used 82540K [0x0000000080000000, 0x0000000100000000)
  region size 1024K, 1 young (1024K), 1 survivors (1024K)
 Metaspace       used 69855K, committed 70592K, reserved 487424K
  class space    used 9937K, committed 10304K, reserved 421888K
}
Event: 33.874 GC heap before
{Heap before GC invocations=31 (full 0):
 garbage-first heap   total 147456K, used 117356K [0x0000000080000000, 0x0000000100000000)
  region size 1024K, 36 young (36864K), 1 survivors (1024K)
 Metaspace       used 70009K, committed 70784K, reserved 487424K
  class space    used 9939K, committed 10304K, reserved 421888K
}

Deoptimization events (20 events):
Event: 33.192 Thread 0x000001a6e3f9a050 DEOPT PACKING pc=0x000001a6cbd6aa26 sp=0x0000009193ffbd50
Event: 33.192 Thread 0x000001a6e3f9a050 DEOPT UNPACKING pc=0x000001a6ca822b43 sp=0x0000009193ffb288 mode 0
Event: 33.209 Thread 0x000001a6e4d10080 DEOPT PACKING pc=0x000001a6cbd6aae5 sp=0x000000918f6fa9f0
Event: 33.209 Thread 0x000001a6e4d10080 DEOPT UNPACKING pc=0x000001a6ca822b43 sp=0x000000918f6f9f28 mode 0
Event: 33.486 Thread 0x000001a6e5b695e0 Uncommon trap: trap_request=0xfffffff4 fr.pc=0x000001a6d273acfc relative=0x00000000000000dc
Event: 33.486 Thread 0x000001a6e5b695e0 Uncommon trap: reason=null_check action=make_not_entrant pc=0x000001a6d273acfc method=org.gradle.tooling.internal.provider.runner.ClientBuildEventGenerator$Disabled.accept(Lorg/gradle/internal/operations/BuildOperationDescriptor;)Lorg/gradle/tooling/inter
Event: 33.486 Thread 0x000001a6e5b695e0 DEOPT PACKING pc=0x000001a6d273acfc sp=0x0000009192afe380
Event: 33.486 Thread 0x000001a6e5b695e0 DEOPT UNPACKING pc=0x000001a6ca8223a3 sp=0x0000009192afe308 mode 2
Event: 33.593 Thread 0x000001a6e2963f40 Uncommon trap: trap_request=0xffffff45 fr.pc=0x000001a6d26d935c relative=0x00000000000005bc
Event: 33.593 Thread 0x000001a6e2963f40 Uncommon trap: reason=unstable_if action=reinterpret pc=0x000001a6d26d935c method=org.gradle.internal.snapshot.PathUtil.equalChars(CCLorg/gradle/internal/snapshot/CaseSensitivity;)Z @ 11 c2
Event: 33.593 Thread 0x000001a6e2963f40 DEOPT PACKING pc=0x000001a6d26d935c sp=0x00000091915f38a0
Event: 33.593 Thread 0x000001a6e2963f40 DEOPT UNPACKING pc=0x000001a6ca8223a3 sp=0x00000091915f37c0 mode 2
Event: 33.683 Thread 0x000001a6e5b69ab0 Uncommon trap: trap_request=0xffffff45 fr.pc=0x000001a6d25e86e0 relative=0x00000000000009a0
Event: 33.683 Thread 0x000001a6e5b69ab0 Uncommon trap: reason=unstable_if action=reinterpret pc=0x000001a6d25e86e0 method=java.util.concurrent.ConcurrentHashMap.addCount(JI)V @ 97 c2
Event: 33.683 Thread 0x000001a6e5b69ab0 DEOPT PACKING pc=0x000001a6d25e86e0 sp=0x0000009192dfe430
Event: 33.683 Thread 0x000001a6e5b69ab0 DEOPT UNPACKING pc=0x000001a6ca8223a3 sp=0x0000009192dfe308 mode 2
Event: 33.703 Thread 0x000001a6e2965280 DEOPT PACKING pc=0x000001a6cafbed1e sp=0x0000009191bfe830
Event: 33.703 Thread 0x000001a6e2965280 DEOPT UNPACKING pc=0x000001a6ca822b43 sp=0x0000009191bfdca0 mode 0
Event: 33.716 Thread 0x000001a6e2965280 DEOPT PACKING pc=0x000001a6cb467501 sp=0x0000009191bfe840
Event: 33.716 Thread 0x000001a6e2965280 DEOPT UNPACKING pc=0x000001a6ca822b43 sp=0x0000009191bfdca8 mode 0

Classes unloaded (0 events):
No events

Classes redefined (0 events):
No events

Internal exceptions (20 events):
Event: 32.092 Thread 0x000001a6e2963f40 Exception <a 'java/lang/ClassNotFoundException'{0x0000000087de6be0}: org/gradle/api/internal/DefaultNamedDomainObjectListBeanInfo> (0x0000000087de6be0) 
thrown [t:\workspace\open\src\hotspot\share\classfile\systemDictionary.cpp, line 256]
Event: 32.094 Thread 0x000001a6e2963f40 Exception <a 'java/lang/ClassNotFoundException'{0x0000000087dfcd38}: org/gradle/api/internal/DefaultNamedDomainObjectCollectionBeanInfo> (0x0000000087dfcd38) 
thrown [t:\workspace\open\src\hotspot\share\classfile\systemDictionary.cpp, line 256]
Event: 32.095 Thread 0x000001a6e2963f40 Exception <a 'java/lang/ClassNotFoundException'{0x0000000087c13150}: org/gradle/api/internal/DefaultDomainObjectCollectionBeanInfo> (0x0000000087c13150) 
thrown [t:\workspace\open\src\hotspot\share\classfile\systemDictionary.cpp, line 256]
Event: 32.096 Thread 0x000001a6e2963f40 Exception <a 'java/lang/ClassNotFoundException'{0x0000000087c1af38}: java/util/AbstractCollectionBeanInfo> (0x0000000087c1af38) 
thrown [t:\workspace\open\src\hotspot\share\classfile\systemDictionary.cpp, line 256]
Event: 32.097 Thread 0x000001a6e2963f40 Exception <a 'java/lang/ClassNotFoundException'{0x0000000087c22ce8}: java/util/AbstractCollectionCustomizer> (0x0000000087c22ce8) 
thrown [t:\workspace\open\src\hotspot\share\classfile\systemDictionary.cpp, line 256]
Event: 32.101 Thread 0x000001a6e2963f40 Exception <a 'java/lang/ClassNotFoundException'{0x0000000087c42808}: org/gradle/api/internal/DefaultDomainObjectCollectionCustomizer> (0x0000000087c42808) 
thrown [t:\workspace\open\src\hotspot\share\classfile\systemDictionary.cpp, line 256]
Event: 32.106 Thread 0x000001a6e2963f40 Exception <a 'java/lang/ClassNotFoundException'{0x0000000087c78ec0}: org/gradle/api/internal/DefaultNamedDomainObjectCollectionCustomizer> (0x0000000087c78ec0) 
thrown [t:\workspace\open\src\hotspot\share\classfile\systemDictionary.cpp, line 256]
Event: 32.110 Thread 0x000001a6e2963f40 Exception <a 'java/lang/ClassNotFoundException'{0x0000000087cb7dd0}: org/gradle/api/internal/DefaultNamedDomainObjectListCustomizer> (0x0000000087cb7dd0) 
thrown [t:\workspace\open\src\hotspot\share\classfile\systemDictionary.cpp, line 256]
Event: 32.114 Thread 0x000001a6e2963f40 Exception <a 'java/lang/ClassNotFoundException'{0x0000000087cee0c8}: org/gradle/api/internal/artifacts/DefaultArtifactRepositoryContainerCustomizer> (0x0000000087cee0c8) 
thrown [t:\workspace\open\src\hotspot\share\classfile\systemDictionary.cpp, line 256]
Event: 32.118 Thread 0x000001a6e2963f40 Exception <a 'java/lang/ClassNotFoundException'{0x0000000087b18ed0}: org/gradle/api/internal/artifacts/dsl/DefaultRepositoryHandlerCustomizer> (0x0000000087b18ed0) 
thrown [t:\workspace\open\src\hotspot\share\classfile\systemDictionary.cpp, line 256]
Event: 32.123 Thread 0x000001a6e2963f40 Exception <a 'java/lang/ClassNotFoundException'{0x0000000087b511e8}: org/gradle/api/internal/artifacts/dsl/DefaultRepositoryHandler_DecoratedCustomizer> (0x0000000087b511e8) 
thrown [t:\workspace\open\src\hotspot\share\classfile\systemDictionary.cpp, line 256]
Event: 32.144 Thread 0x000001a6e2963f40 Exception <a 'java/lang/ClassNotFoundException'{0x0000000087bfea88}: org/gradle/api/internal/artifacts/dsl/dependencies/DefaultDependencyHandler_DecoratedBeanInfo> (0x0000000087bfea88) 
thrown [t:\workspace\open\src\hotspot\share\classfile\systemDictionary.cpp, line 256]
Event: 32.146 Thread 0x000001a6e2963f40 Exception <a 'java/lang/ClassNotFoundException'{0x0000000087a16f98}: org/gradle/api/internal/artifacts/dsl/dependencies/DefaultDependencyHandlerBeanInfo> (0x0000000087a16f98) 
thrown [t:\workspace\open\src\hotspot\share\classfile\systemDictionary.cpp, line 256]
Event: 32.148 Thread 0x000001a6e2963f40 Exception <a 'java/lang/ClassNotFoundException'{0x0000000087a2ea98}: org/gradle/api/internal/artifacts/dsl/dependencies/DefaultDependencyHandlerCustomizer> (0x0000000087a2ea98) 
thrown [t:\workspace\open\src\hotspot\share\classfile\systemDictionary.cpp, line 256]
Event: 32.152 Thread 0x000001a6e2963f40 Exception <a 'java/lang/ClassNotFoundException'{0x0000000087a6edb8}: org/gradle/api/internal/artifacts/dsl/dependencies/DefaultDependencyHandler_DecoratedCustomizer> (0x0000000087a6edb8) 
thrown [t:\workspace\open\src\hotspot\share\classfile\systemDictionary.cpp, line 256]
Event: 33.189 Thread 0x000001a6e3f9a050 Exception <a 'sun/nio/fs/WindowsException'{0x0000000088c053f0}> (0x0000000088c053f0) 
thrown [t:\workspace\open\src\hotspot\share\prims\jni.cpp, line 516]
Event: 33.190 Thread 0x000001a6e3f9a050 Exception <a 'sun/nio/fs/WindowsException'{0x0000000088c07c40}> (0x0000000088c07c40) 
thrown [t:\workspace\open\src\hotspot\share\prims\jni.cpp, line 516]
Event: 33.190 Thread 0x000001a6e3f9a050 Exception <a 'sun/nio/fs/WindowsException'{0x0000000088c0a240}> (0x0000000088c0a240) 
thrown [t:\workspace\open\src\hotspot\share\prims\jni.cpp, line 516]
Event: 33.191 Thread 0x000001a6e3f9a050 Exception <a 'sun/nio/fs/WindowsException'{0x0000000088c0c478}> (0x0000000088c0c478) 
thrown [t:\workspace\open\src\hotspot\share\prims\jni.cpp, line 516]
Event: 33.486 Thread 0x000001a6e5b695e0 Implicit null exception at 0x000001a6d273ac5b to 0x000001a6d273acf0

VM Operations (20 events):
Event: 32.226 Executing VM operation: ICBufferFull done
Event: 32.635 Executing VM operation: ICBufferFull
Event: 32.635 Executing VM operation: ICBufferFull done
Event: 32.844 Executing VM operation: ICBufferFull
Event: 32.845 Executing VM operation: ICBufferFull done
Event: 32.955 Executing VM operation: ICBufferFull
Event: 32.955 Executing VM operation: ICBufferFull done
Event: 32.966 Executing VM operation: ICBufferFull
Event: 32.966 Executing VM operation: ICBufferFull done
Event: 33.099 Executing VM operation: G1CollectForAllocation
Event: 33.119 Executing VM operation: G1CollectForAllocation done
Event: 33.134 Executing VM operation: G1CollectForAllocation
Event: 33.148 Executing VM operation: G1CollectForAllocation done
Event: 33.201 Executing VM operation: ICBufferFull
Event: 33.201 Executing VM operation: ICBufferFull done
Event: 33.220 Executing VM operation: ICBufferFull
Event: 33.220 Executing VM operation: ICBufferFull done
Event: 33.591 Executing VM operation: ICBufferFull
Event: 33.592 Executing VM operation: ICBufferFull done
Event: 33.874 Executing VM operation: G1CollectForAllocation

Events (20 events):
Event: 32.041 loading class org/xml/sax/Attributes
Event: 32.041 loading class org/xml/sax/Attributes done
Event: 32.096 loading class java/util/AbstractCollectionBeanInfo
Event: 32.096 loading class java/util/AbstractCollectionBeanInfo done
Event: 32.096 loading class java/util/AbstractCollectionBeanInfo
Event: 32.096 loading class java/util/AbstractCollectionBeanInfo done
Event: 32.096 loading class java/util/AbstractCollectionCustomizer
Event: 32.096 loading class java/util/AbstractCollectionCustomizer done
Event: 32.097 loading class java/util/AbstractCollectionCustomizer
Event: 32.097 loading class java/util/AbstractCollectionCustomizer done
Event: 32.098 loading class sun/reflect/generics/reflectiveObjects/GenericArrayTypeImpl
Event: 32.098 loading class sun/reflect/generics/reflectiveObjects/GenericArrayTypeImpl done
Event: 32.645 loading class java/util/Collections$ReverseComparator
Event: 32.645 loading class java/util/Collections$ReverseComparator done
Event: 32.646 loading class java/util/Collections$ReverseComparator2
Event: 32.646 loading class java/util/Collections$ReverseComparator2 done
Event: 33.043 Thread 0x000001a6e40cfe00 Thread added: 0x000001a6e40cfe00
Event: 33.044 Thread 0x000001a6e40cdc50 Thread added: 0x000001a6e40cdc50
Event: 33.044 Thread 0x000001a6e40ce120 Thread added: 0x000001a6e40ce120
Event: 33.081 Thread 0x000001a6e40cf460 Thread added: 0x000001a6e40cf460


Dynamic libraries:
0x00007ff6062f0000 - 0x00007ff6062fe000 	C:\Program Files\Microsoft\jdk-17.0.2\bin\java.exe
0x00007ff97ff30000 - 0x00007ff980128000 	C:\Windows\SYSTEM32\ntdll.dll
0x00007ff97f500000 - 0x00007ff97f5c1000 	C:\Windows\System32\KERNEL32.DLL
0x00007ff97d730000 - 0x00007ff97da2d000 	C:\Windows\System32\KERNELBASE.dll
0x00007ff97d630000 - 0x00007ff97d730000 	C:\Windows\System32\ucrtbase.dll
0x00007ff976d90000 - 0x00007ff976daa000 	C:\Program Files\Microsoft\jdk-17.0.2\bin\VCRUNTIME140.dll
0x00007ff97a770000 - 0x00007ff97a788000 	C:\Program Files\Microsoft\jdk-17.0.2\bin\jli.dll
0x00007ff97fd50000 - 0x00007ff97feed000 	C:\Windows\System32\USER32.dll
0x00007ff96d220000 - 0x00007ff96d4ba000 	C:\Windows\WinSxS\amd64_microsoft.windows.common-controls_6595b64144ccf1df_6.0.19041.4355_none_60b8b9eb71f62e16\COMCTL32.dll
0x00007ff97da30000 - 0x00007ff97da52000 	C:\Windows\System32\win32u.dll
0x00007ff97f5d0000 - 0x00007ff97f5fb000 	C:\Windows\System32\GDI32.dll
0x00007ff97fa30000 - 0x00007ff97face000 	C:\Windows\System32\msvcrt.dll
0x00007ff97db70000 - 0x00007ff97dc87000 	C:\Windows\System32\gdi32full.dll
0x00007ff97dad0000 - 0x00007ff97db6d000 	C:\Windows\System32\msvcp_win.dll
0x00007ff97f600000 - 0x00007ff97f62f000 	C:\Windows\System32\IMM32.DLL
0x00007ff976d80000 - 0x00007ff976d8c000 	C:\Program Files\Microsoft\jdk-17.0.2\bin\vcruntime140_1.dll
0x00007ff976cf0000 - 0x00007ff976d7d000 	C:\Program Files\Microsoft\jdk-17.0.2\bin\msvcp140.dll
0x00007ff92c6b0000 - 0x00007ff92d271000 	C:\Program Files\Microsoft\jdk-17.0.2\bin\server\jvm.dll
0x00007ff97f770000 - 0x00007ff97f820000 	C:\Windows\System32\ADVAPI32.dll
0x00007ff97f990000 - 0x00007ff97fa30000 	C:\Windows\System32\sechost.dll
0x00007ff97f3d0000 - 0x00007ff97f4f3000 	C:\Windows\System32\RPCRT4.dll
0x00007ff97ddd0000 - 0x00007ff97ddf7000 	C:\Windows\System32\bcrypt.dll
0x00007ff97f630000 - 0x00007ff97f638000 	C:\Windows\System32\PSAPI.DLL
0x00007ff976ce0000 - 0x00007ff976ce9000 	C:\Windows\SYSTEM32\WSOCK32.dll
0x00007ff96ec00000 - 0x00007ff96ec27000 	C:\Windows\SYSTEM32\WINMM.dll
0x00007ff97fc60000 - 0x00007ff97fccb000 	C:\Windows\System32\WS2_32.dll
0x00007ff974a20000 - 0x00007ff974a2a000 	C:\Windows\SYSTEM32\VERSION.dll
0x00007ff97b460000 - 0x00007ff97b472000 	C:\Windows\SYSTEM32\kernel.appcore.dll
0x00007ff974fd0000 - 0x00007ff974fda000 	C:\Program Files\Microsoft\jdk-17.0.2\bin\jimage.dll
0x00007ff96a940000 - 0x00007ff96ab24000 	C:\Windows\SYSTEM32\DBGHELP.DLL
0x00007ff96a720000 - 0x00007ff96a754000 	C:\Windows\SYSTEM32\dbgcore.DLL
0x00007ff97dc90000 - 0x00007ff97dd12000 	C:\Windows\System32\bcryptPrimitives.dll
0x00007ff96da50000 - 0x00007ff96da5e000 	C:\Program Files\Microsoft\jdk-17.0.2\bin\instrument.dll
0x00007ff9676a0000 - 0x00007ff9676c5000 	C:\Program Files\Microsoft\jdk-17.0.2\bin\java.dll
0x00007ff962c90000 - 0x00007ff962d66000 	C:\Program Files\Microsoft\jdk-17.0.2\bin\jsvml.dll
0x00007ff97ec60000 - 0x00007ff97f3cf000 	C:\Windows\System32\SHELL32.dll
0x00007ff97b660000 - 0x00007ff97be03000 	C:\Windows\SYSTEM32\windows.storage.dll
0x00007ff97e8a0000 - 0x00007ff97ebf3000 	C:\Windows\System32\combase.dll
0x00007ff97d010000 - 0x00007ff97d03e000 	C:\Windows\SYSTEM32\Wldp.dll
0x00007ff97f640000 - 0x00007ff97f70d000 	C:\Windows\System32\OLEAUT32.dll
0x00007ff97e640000 - 0x00007ff97e6ed000 	C:\Windows\System32\SHCORE.dll
0x00007ff97f710000 - 0x00007ff97f765000 	C:\Windows\System32\shlwapi.dll
0x00007ff97d510000 - 0x00007ff97d534000 	C:\Windows\SYSTEM32\profapi.dll
0x00007ff96e190000 - 0x00007ff96e1a8000 	C:\Program Files\Microsoft\jdk-17.0.2\bin\zip.dll
0x00007ff96eaa0000 - 0x00007ff96eab9000 	C:\Program Files\Microsoft\jdk-17.0.2\bin\net.dll
0x00007ff975bd0000 - 0x00007ff975cdd000 	C:\Windows\SYSTEM32\WINHTTP.dll
0x00007ff97cd70000 - 0x00007ff97cdda000 	C:\Windows\system32\mswsock.dll
0x00007ff96e1b0000 - 0x00007ff96e1c6000 	C:\Program Files\Microsoft\jdk-17.0.2\bin\nio.dll
0x00007ff974de0000 - 0x00007ff974df0000 	C:\Program Files\Microsoft\jdk-17.0.2\bin\verify.dll
0x00007ff9666f0000 - 0x00007ff966717000 	C:\Users\aanan\.gradle\native\c067742578af261105cb4f569cf0c3c89f3d7b1fecec35dd04571415982c5e48\windows-amd64\native-platform.dll
0x00007ff92c3a0000 - 0x00007ff92c4e4000 	C:\Users\aanan\.gradle\native\100fb08df4bc3b14c8652ba06237920a3bd2aa13389f12d3474272988ae205f9\windows-amd64\native-platform-file-events.dll
0x00007ff9741d0000 - 0x00007ff9741d9000 	C:\Program Files\Microsoft\jdk-17.0.2\bin\management.dll
0x00007ff96da40000 - 0x00007ff96da4b000 	C:\Program Files\Microsoft\jdk-17.0.2\bin\management_ext.dll
0x00007ff97cf70000 - 0x00007ff97cf88000 	C:\Windows\SYSTEM32\CRYPTSP.dll
0x00007ff97c620000 - 0x00007ff97c654000 	C:\Windows\system32\rsaenh.dll
0x00007ff97d4d0000 - 0x00007ff97d4fe000 	C:\Windows\SYSTEM32\USERENV.dll
0x00007ff97cf60000 - 0x00007ff97cf6c000 	C:\Windows\SYSTEM32\CRYPTBASE.dll
0x00007ff97ca00000 - 0x00007ff97ca3b000 	C:\Windows\SYSTEM32\IPHLPAPI.DLL
0x00007ff97e090000 - 0x00007ff97e098000 	C:\Windows\System32\NSI.dll
0x00007ff9765a0000 - 0x00007ff9765b7000 	C:\Windows\SYSTEM32\dhcpcsvc6.DLL
0x00007ff977140000 - 0x00007ff97715d000 	C:\Windows\SYSTEM32\dhcpcsvc.DLL
0x00007ff97ca40000 - 0x00007ff97cb0a000 	C:\Windows\SYSTEM32\DNSAPI.dll
0x00007ff96da30000 - 0x00007ff96da3e000 	C:\Program Files\Microsoft\jdk-17.0.2\bin\sunmscapi.dll
0x00007ff97de00000 - 0x00007ff97df5c000 	C:\Windows\System32\CRYPT32.dll
0x00007ff97d080000 - 0x00007ff97d0a9000 	C:\Windows\SYSTEM32\ncrypt.dll
0x00007ff97d040000 - 0x00007ff97d07b000 	C:\Windows\SYSTEM32\NTASN1.dll
0x00007ff96d190000 - 0x00007ff96d197000 	C:\Windows\system32\wshunix.dll
0x00007ff968fa0000 - 0x00007ff968fb7000 	C:\Windows\system32\napinsp.dll
0x00007ff968f80000 - 0x00007ff968f9b000 	C:\Windows\system32\pnrpnsp.dll
0x00007ff975440000 - 0x00007ff975455000 	C:\Windows\system32\wshbth.dll
0x00007ff9795a0000 - 0x00007ff9795bd000 	C:\Windows\system32\NLAapi.dll
0x00007ff968570000 - 0x00007ff968582000 	C:\Windows\System32\winrnr.dll
0x00007ff96d030000 - 0x00007ff96d03a000 	C:\Windows\System32\rasadhlp.dll
0x00007ff96e220000 - 0x00007ff96e2a0000 	C:\Windows\System32\fwpuclnt.dll

dbghelp: loaded successfully - version: 4.0.5 - missing functions: none
symbol engine: initialized successfully - sym options: 0x614 - pdb path: .;C:\Program Files\Microsoft\jdk-17.0.2\bin;C:\Windows\SYSTEM32;C:\Windows\WinSxS\amd64_microsoft.windows.common-controls_6595b64144ccf1df_6.0.19041.4355_none_60b8b9eb71f62e16;C:\Program Files\Microsoft\jdk-17.0.2\bin\server;C:\Users\aanan\.gradle\native\c067742578af261105cb4f569cf0c3c89f3d7b1fecec35dd04571415982c5e48\windows-amd64;C:\Users\aanan\.gradle\native\100fb08df4bc3b14c8652ba06237920a3bd2aa13389f12d3474272988ae205f9\windows-amd64

VM Arguments:
jvm_args: -XX:MaxMetaspaceSize=512m --add-opens=java.base/java.util=ALL-UNNAMED --add-opens=java.base/java.lang=ALL-UNNAMED --add-opens=java.base/java.lang.invoke=ALL-UNNAMED --add-opens=java.prefs/java.util.prefs=ALL-UNNAMED --add-opens=java.base/java.nio.charset=ALL-UNNAMED --add-opens=java.base/java.net=ALL-UNNAMED --add-opens=java.base/java.util.concurrent.atomic=ALL-UNNAMED -Xmx2048m -Dfile.encoding=windows-1252 -Duser.country=IN -Duser.language=en -Duser.variant -javaagent:C:\Users\aanan\.gradle\wrapper\dists\gradle-8.8-all\6gdy1pgp427xkqcjbxw3ylt6h\gradle-8.8\lib\agents\gradle-instrumentation-agent-8.8.jar 
java_command: org.gradle.launcher.daemon.bootstrap.GradleDaemon 8.8
java_class_path (initial): C:\Users\aanan\.gradle\wrapper\dists\gradle-8.8-all\6gdy1pgp427xkqcjbxw3ylt6h\gradle-8.8\lib\gradle-launcher-8.8.jar
Launcher Type: SUN_STANDARD

[Global flags]
     intx CICompilerCount                          = 3                                         {product} {ergonomic}
   size_t CompressedClassSpaceSize                 = 432013312                                 {product} {ergonomic}
     uint ConcGCThreads                            = 1                                         {product} {ergonomic}
     uint G1ConcRefinementThreads                  = 4                                         {product} {ergonomic}
   size_t G1HeapRegionSize                         = 1048576                                   {product} {ergonomic}
    uintx GCDrainStackTargetSize                   = 64                                        {product} {ergonomic}
   size_t InitialHeapSize                          = 100663296                                 {product} {ergonomic}
   size_t MarkStackSize                            = 4194304                                   {product} {ergonomic}
   size_t MaxHeapSize                              = 2147483648                                {product} {command line}
   size_t MaxMetaspaceSize                         = 536870912                                 {product} {command line}
   size_t MaxNewSize                               = 1287651328                                {product} {ergonomic}
   size_t MinHeapDeltaBytes                        = 1048576                                   {product} {ergonomic}
   size_t MinHeapSize                              = 8388608                                   {product} {ergonomic}
    uintx NonNMethodCodeHeapSize                   = 5832780                                {pd product} {ergonomic}
    uintx NonProfiledCodeHeapSize                  = 122912730                              {pd product} {ergonomic}
    uintx ProfiledCodeHeapSize                     = 122912730                              {pd product} {ergonomic}
    uintx ReservedCodeCacheSize                    = 251658240                              {pd product} {ergonomic}
     bool SegmentedCodeCache                       = true                                      {product} {ergonomic}
   size_t SoftMaxHeapSize                          = 2147483648                             {manageable} {ergonomic}
     bool UseCompressedClassPointers               = true                           {product lp64_product} {ergonomic}
     bool UseCompressedOops                        = true                           {product lp64_product} {ergonomic}
     bool UseG1GC                                  = true                                      {product} {ergonomic}
     bool UseLargePagesIndividualAllocation        = false                                  {pd product} {ergonomic}

Logging:
Log output configuration:
 #0: stdout all=warning uptime,level,tags
 #1: stderr all=off uptime,level,tags

Environment Variables:
JAVA_HOME=C:\Program Files\Microsoft\jdk-17.0.2
CLASSPATH=C:\Users\aanan\Desktop\BlogApp\android\\gradle\wrapper\gradle-wrapper.jar
PATH=C:\Users\aanan\Desktop\BlogApp\node_modules\.bin;C:\Users\aanan\Desktop\node_modules\.bin;C:\Users\aanan\node_modules\.bin;C:\Users\node_modules\.bin;C:\node_modules\.bin;C:\Users\aanan\AppData\Roaming\nvm\v20.11.1\node_modules\npm\node_modules\@npmcli\run-script\lib\node-gyp-bin;C:\Program Files (x86)\Intel\iCLS Client\;C:\Program Files\Intel\iCLS Client\;C:\Windows\system32;C:\Windows;C:\Windows\System32\Wbem;C:\Windows\System32\WindowsPowerShell\v1.0\;C:\Windows\System32\OpenSSH\;C:\Program Files\dotnet\;C:\Program Files\Intel\Intel(R) Management Engine Components\DAL;C:\Program Files\Intel\Intel(R) Management Engine Components\IPT;C:\Program Files (x86)\Intel\Intel(R) Management Engine Components\DAL;C:\Program Files (x86)\Intel\Intel(R) Management Engine Components\IPT;C:\ProgramData\chocolatey\bin;C:\Users\aanan\AppData\Local\Android\Sdk\platform-tools;C:\Program Files\Git\cmd;C:\Program Files\Git\mingw64\bin;C:\Program Files\Git\usr\bin;C:\Program Files\Microsoft\jdk-17.0.2\bin;C:\Users\aanan\AppData\Roaming\nvm;C:\Program Files\nodejs;C:\Program Files\MongoDB\Server\7.0\bin;C:\Users\aanan\AppData\Local\Microsoft\WindowsApps;C:\Users\aanan\AppData\Local\Programs\Microsoft VS Code\bin;C:\Users\aanan\AppData\Roaming\npm;C:\Users\aanan\AppData\Roaming\nvm;C:\Program Files\nodejs;C:\Program Files\mongosh\
USERNAME=Devendra
OS=Windows_NT
PROCESSOR_IDENTIFIER=Intel64 Family 6 Model 69 Stepping 1, GenuineIntel



---------------  S Y S T E M  ---------------

OS:
 Windows 10 , 64 bit Build 19041 (10.0.19041.4842)
OS uptime: 0 days 0:52 hours

CPU: total 4 (initial active 4) (2 cores per cpu, 2 threads per core) family 6 model 69 stepping 1 microcode 0x25, cx8, cmov, fxsr, ht, mmx, sse, sse2, sse3, ssse3, sse4.1, sse4.2, popcnt, lzcnt, tsc, tscinvbit, avx, avx2, aes, erms, clmul, bmi1, bmi2, fma, vzeroupper, clflush

Memory: 4k page, system-wide physical 6024M (309M free)
TotalPageFile size 8072M (AvailPageFile size 20M)
current process WorkingSet (physical memory assigned to process): 354M, peak: 354M
current process commit charge ("private bytes"): 391M, peak: 626M

vm_info: OpenJDK 64-Bit Server VM (17.0.2+8-86) for windows-amd64 JRE (17.0.2+8-86), built on Dec  7 2021 21:49:10 by "mach5one" with MS VC++ 16.8 / 16.9 (VS2019)

END.
